Calling variants ...
Total processed positions in chr1 (chunk 2/50) : 833
Total time elapsed: 1.99 s
Calling variants ...
Total processed positions in chr1 (chunk 3/50) : 637
Total time elapsed: 1.97 s
Calling variants ...
Total processed positions in chr1 (chunk 10/50) : 1101
Total time elapsed: 2.54 s
Calling variants ...
Total processed positions in chr1 (chunk 11/50) : 1149
Total time elapsed: 2.65 s
Calling variants ...
Total processed positions in chr1 (chunk 9/50) : 999
Total time elapsed: 2.58 s
Calling variants ...
Total processed positions in chr1 (chunk 12/50) : 977
Total time elapsed: 2.17 s
Calling variants ...
Total processed positions in chr1 (chunk 6/50) : 602
Total time elapsed: 2.09 s
Calling variants ...
Total processed positions in chr1 (chunk 8/50) : 1197
Total time elapsed: 3.50 s
Calling variants ...
Total processed positions in chr1 (chunk 4/50) : 1281
Total time elapsed: 3.66 s
Calling variants ...
Total processed positions in chr1 (chunk 7/50) : 936
Total time elapsed: 3.76 s
Calling variants ...
Total processed positions in chr1 (chunk 5/50) : 1521
Total time elapsed: 4.66 s
Calling variants ...
Total processed positions in chr1 (chunk 14/50) : 737
Total time elapsed: 2.47 s
Calling variants ...
Total processed positions in chr1 (chunk 13/50) : 616
Total time elapsed: 2.73 s
Calling variants ...
Total processed positions in chr1 (chunk 17/50) : 1317
Total time elapsed: 2.27 s
Calling variants ...
Total processed positions in chr1 (chunk 15/50) : 958
Total time elapsed: 3.45 s
Calling variants ...
Total processed positions in chr1 (chunk 18/50) : 1057
Total time elapsed: 2.62 s
Calling variants ...
Total processed positions in chr1 (chunk 19/50) : 834
Total time elapsed: 2.51 s
Calling variants ...
Total processed positions in chr1 (chunk 20/50) : 549
Total time elapsed: 1.68 s
Calling variants ...
Total processed positions in chr1 (chunk 16/50) : 2023
Total time elapsed: 3.76 s
Calling variants ...
Total processed positions in chr1 (chunk 21/50) : 1109
Total time elapsed: 2.62 s
Calling variants ...
Total processed positions in chr1 (chunk 22/50) : 454
Total time elapsed: 2.06 s
Calling variants ...
Total processed positions in chr1 (chunk 23/50) : 1301
Total time elapsed: 2.65 s
Calling variants ...
Total processed positions in chr1 (chunk 27/50) : 0
Total time elapsed: 0.08 s
[INFO] No vcf output for file /hdd4/sines/specialtopicsinbioinformatics/hafsa.sines/variant_calling_pipeline/results/clair3/tmp/pileup_output/pileup_chr1_27.vcf, remove empty file
Calling variants ...
Total processed positions in chr1 (chunk 1/50) : 10094
Total time elapsed: 13.79 s
Calling variants ...
Total processed positions in chr1 (chunk 25/50) : 374
Total time elapsed: 1.11 s
Calling variants ...
Total processed positions in chr1 (chunk 24/50) : 924
Total time elapsed: 1.71 s
Calling variants ...
Total processed positions in chr1 (chunk 28/50) : 0
Total time elapsed: 0.12 s
[INFO] No vcf output for file /hdd4/sines/specialtopicsinbioinformatics/hafsa.sines/variant_calling_pipeline/results/clair3/tmp/pileup_output/pileup_chr1_28.vcf, remove empty file
Calling variants ...
Total processed positions in chr1 (chunk 30/50) : 832
Total time elapsed: 1.67 s
Calling variants ...
Total processed positions in chr1 (chunk 26/50) : 581
Total time elapsed: 1.02 s
Calling variants ...
Total processed positions in chr1 (chunk 31/50) : 812
Total time elapsed: 1.96 s
Calling variants ...
Total processed positions in chr1 (chunk 33/50) : 1108
Total time elapsed: 2.48 s
Calling variants ...
Total processed positions in chr1 (chunk 32/50) : 1087
Total time elapsed: 2.76 s
Calling variants ...
Total processed positions in chr1 (chunk 34/50) : 1041
Total time elapsed: 1.93 s
Calling variants ...
Total processed positions in chr1 (chunk 29/50) : 3127
Total time elapsed: 3.78 s
Calling variants ...
Total processed positions in chr1 (chunk 35/50) : 912
Total time elapsed: 1.70 s
Calling variants ...
Total processed positions in chr1 (chunk 40/50) : 828
Total time elapsed: 1.54 s
Calling variants ...
Total processed positions in chr1 (chunk 38/50) : 640
Total time elapsed: 1.81 s
Calling variants ...
Total processed positions in chr1 (chunk 37/50) : 1112
Total time elapsed: 2.91 s
Calling variants ...
Total processed positions in chr1 (chunk 36/50) : 1211
Total time elapsed: 2.88 s
Calling variants ...
Total processed positions in chr1 (chunk 39/50) : 1064
Total time elapsed: 2.49 s
Calling variants ...
Total processed positions in chr1 (chunk 43/50) : 947
Total time elapsed: 1.84 s
Calling variants ...
Total processed positions in chr1 (chunk 41/50) : 1197
Total time elapsed: 2.83 s
Calling variants ...
Total processed positions in chr1 (chunk 45/50) : 880
Total time elapsed: 2.17 s
Calling variants ...
Total processed positions in chr1 (chunk 42/50) : 1081
Total time elapsed: 3.76 s
Calling variants ...
Total processed positions in chr1 (chunk 44/50) : 917
Total time elapsed: 3.00 s
Calling variants ...
Total processed positions in chr1 (chunk 47/50) : 1391
Total time elapsed: 2.38 s
Calling variants ...
Total processed positions in chr1 (chunk 46/50) : 1175
Total time elapsed: 2.96 s
Calling variants ...
Total processed positions in chr1 (chunk 49/50) : 816
Total time elapsed: 2.63 s
Calling variants ...
Total processed positions in chr1 (chunk 50/50) : 1040
Total time elapsed: 2.55 s
Calling variants ...
Total processed positions in chr1 (chunk 48/50) : 1177
Total time elapsed: 2.91 s
Calling variants ...
Total processed positions in chr2 (chunk 1/49) : 992
Total time elapsed: 3.20 s
Calling variants ...
Total processed positions in chr2 (chunk 4/49) : 1346
Total time elapsed: 2.60 s
Calling variants ...
Total processed positions in chr2 (chunk 3/49) : 1222
Total time elapsed: 2.74 s
Calling variants ...
Total processed positions in chr2 (chunk 2/49) : 1610
Total time elapsed: 3.68 s
Calling variants ...
Total processed positions in chr2 (chunk 5/49) : 1223
Total time elapsed: 2.99 s
Calling variants ...
Total processed positions in chr2 (chunk 6/49) : 850
Total time elapsed: 2.41 s
Calling variants ...
Total processed positions in chr2 (chunk 7/49) : 1269
Total time elapsed: 2.73 s
Calling variants ...
Total processed positions in chr2 (chunk 8/49) : 768
Total time elapsed: 2.22 s
Calling variants ...
Total processed positions in chr2 (chunk 9/49) : 1352
Total time elapsed: 2.85 s
Calling variants ...
Total processed positions in chr2 (chunk 12/49) : 646
Total time elapsed: 1.86 s
Calling variants ...
Total processed positions in chr2 (chunk 10/49) : 804
Total time elapsed: 2.20 s
Calling variants ...
Total processed positions in chr2 (chunk 11/49) : 1481
Total time elapsed: 2.44 s
Calling variants ...
Total processed positions in chr2 (chunk 14/49) : 760
Total time elapsed: 1.87 s
Calling variants ...
Total processed positions in chr2 (chunk 13/49) : 692
Total time elapsed: 2.60 s
Calling variants ...
Total processed positions in chr2 (chunk 15/49) : 997
Total time elapsed: 2.37 s
Calling variants ...
Total processed positions in chr2 (chunk 16/49) : 804
Total time elapsed: 2.46 s
Calling variants ...
Total processed positions in chr2 (chunk 17/49) : 1721
Total time elapsed: 3.26 s
Calling variants ...
Total processed positions in chr2 (chunk 21/49) : 788
Total time elapsed: 2.30 s
Calling variants ...
Total processed positions in chr2 (chunk 18/49) : 1933
Total time elapsed: 4.12 s
Calling variants ...
Total processed positions in chr2 (chunk 19/49) : 2730
Total time elapsed: 3.40 s
Calling variants ...
Total processed positions in chr2 (chunk 20/49) : 2209
Total time elapsed: 3.08 s
Calling variants ...
Total processed positions in chr2 (chunk 23/49) : 844
Total time elapsed: 1.58 s
Calling variants ...
Total processed positions in chr2 (chunk 22/49) : 1143
Total time elapsed: 3.39 s
Calling variants ...
Total processed positions in chr2 (chunk 24/49) : 1613
Total time elapsed: 2.50 s
Calling variants ...
Total processed positions in chr2 (chunk 26/49) : 1038
Total time elapsed: 1.74 s
Calling variants ...
Total processed positions in chr2 (chunk 25/49) : 1172
Total time elapsed: 3.19 s
Calling variants ...
Total processed positions in chr2 (chunk 27/49) : 949
Total time elapsed: 2.48 s
Calling variants ...
Total processed positions in chr2 (chunk 28/49) : 934
Total time elapsed: 2.62 s
Calling variants ...
Total processed positions in chr2 (chunk 32/49) : 836
Total time elapsed: 1.78 s
Calling variants ...
Total processed positions in chr2 (chunk 29/49) : 931
Total time elapsed: 1.81 s
Calling variants ...
Total processed positions in chr2 (chunk 30/49) : 1104
Total time elapsed: 3.10 s
Calling variants ...
Total processed positions in chr2 (chunk 33/49) : 789
Total time elapsed: 1.86 s
Calling variants ...
Total processed positions in chr2 (chunk 34/49) : 672
Total time elapsed: 2.20 s
Calling variants ...
Total processed positions in chr2 (chunk 31/49) : 1341
Total time elapsed: 3.35 s
Calling variants ...
Total processed positions in chr2 (chunk 37/49) : 1317
Total time elapsed: 2.26 s
Calling variants ...
Total processed positions in chr2 (chunk 36/49) : 532
Total time elapsed: 1.89 s
Calling variants ...
Total processed positions in chr2 (chunk 35/49) : 1244
Total time elapsed: 3.30 s
Calling variants ...
Total processed positions in chr2 (chunk 38/49) : 627
Total time elapsed: 1.94 s
Calling variants ...
Total processed positions in chr2 (chunk 39/49) : 1349
Total time elapsed: 3.15 s
Calling variants ...
Total processed positions in chr2 (chunk 42/49) : 669
Total time elapsed: 1.82 s
Calling variants ...
Total processed positions in chr2 (chunk 43/49) : 1367
Total time elapsed: 2.27 s
Calling variants ...
Total processed positions in chr2 (chunk 40/49) : 1195
Total time elapsed: 2.85 s
Calling variants ...
Total processed positions in chr2 (chunk 41/49) : 1033
Total time elapsed: 2.88 s
Calling variants ...
Total processed positions in chr2 (chunk 44/49) : 1191
Total time elapsed: 3.27 s
Calling variants ...
Total processed positions in chr2 (chunk 46/49) : 963
Total time elapsed: 2.52 s
Calling variants ...
Total processed positions in chr2 (chunk 45/49) : 1339
Total time elapsed: 2.38 s
Calling variants ...
Total processed positions in chr2 (chunk 47/49) : 1041
Total time elapsed: 1.97 s
Calling variants ...
Total processed positions in chr2 (chunk 49/49) : 737
Total time elapsed: 2.40 s
Calling variants ...
Total processed positions in chr3 (chunk 1/40) : 938
Total time elapsed: 2.89 s
Calling variants ...
Total processed positions in chr2 (chunk 48/49) : 1112
Total time elapsed: 3.48 s
Calling variants ...
Total processed positions in chr3 (chunk 2/40) : 1338
Total time elapsed: 2.48 s
Calling variants ...
Total processed positions in chr3 (chunk 3/40) : 1465
Total time elapsed: 3.04 s
Calling variants ...
Total processed positions in chr3 (chunk 5/40) : 470
Total time elapsed: 1.84 s
Calling variants ...
Total processed positions in chr3 (chunk 6/40) : 1188
Total time elapsed: 2.87 s
Calling variants ...
Total processed positions in chr3 (chunk 8/40) : 867
Total time elapsed: 1.81 s
Calling variants ...
Total processed positions in chr3 (chunk 9/40) : 1004
Total time elapsed: 1.95 s
Calling variants ...
Total processed positions in chr3 (chunk 4/40) : 1228
Total time elapsed: 3.72 s
Calling variants ...
Total processed positions in chr3 (chunk 7/40) : 843
Total time elapsed: 2.67 s
Calling variants ...
Total processed positions in chr3 (chunk 10/40) : 1041
Total time elapsed: 2.33 s
Calling variants ...
Total processed positions in chr3 (chunk 12/40) : 1014
Total time elapsed: 2.38 s
Calling variants ...
Total processed positions in chr3 (chunk 13/40) : 830
Total time elapsed: 2.65 s
Calling variants ...
Total processed positions in chr3 (chunk 19/40) : 511
Total time elapsed: 1.22 s
Calling variants ...
Total processed positions in chr3 (chunk 11/40) : 2107
Total time elapsed: 4.66 s
Calling variants ...
Total processed positions in chr3 (chunk 18/40) : 1298
Total time elapsed: 2.66 s
Calling variants ...
Total processed positions in chr3 (chunk 15/40) : 1113
Total time elapsed: 3.18 s
Calling variants ...
Total processed positions in chr3 (chunk 16/40) : 1981
Total time elapsed: 3.71 s
Calling variants ...
Total processed positions in chr3 (chunk 14/40) : 1407
Total time elapsed: 3.48 s
Calling variants ...
Total processed positions in chr3 (chunk 17/40) : 822
Total time elapsed: 2.23 s
Calling variants ...
Total processed positions in chr3 (chunk 20/40) : 1128
Total time elapsed: 2.47 s
Calling variants ...
Total processed positions in chr3 (chunk 22/40) : 859
Total time elapsed: 1.83 s
Calling variants ...
Total processed positions in chr3 (chunk 21/40) : 1273
Total time elapsed: 3.73 s
Calling variants ...
Total processed positions in chr3 (chunk 25/40) : 641
Total time elapsed: 1.53 s
Calling variants ...
Total processed positions in chr3 (chunk 24/40) : 930
Total time elapsed: 1.80 s
Calling variants ...
Total processed positions in chr3 (chunk 23/40) : 1184
Total time elapsed: 2.58 s
Calling variants ...
Total processed positions in chr3 (chunk 27/40) : 1551
Total time elapsed: 2.82 s
Calling variants ...
Total processed positions in chr3 (chunk 28/40) : 1498
Total time elapsed: 3.03 s
Calling variants ...
Total processed positions in chr3 (chunk 26/40) : 1045
Total time elapsed: 2.59 s
Calling variants ...
Total processed positions in chr3 (chunk 32/40) : 1331
Total time elapsed: 2.54 s
Calling variants ...
Total processed positions in chr3 (chunk 29/40) : 1352
Total time elapsed: 2.82 s
Calling variants ...
Total processed positions in chr3 (chunk 33/40) : 679
Total time elapsed: 1.78 s
Calling variants ...
Total processed positions in chr3 (chunk 31/40) : 883
Total time elapsed: 1.96 s
Calling variants ...
Total processed positions in chr3 (chunk 30/40) : 870
Total time elapsed: 2.17 s
Calling variants ...
Total processed positions in chr3 (chunk 34/40) : 870
Total time elapsed: 2.42 s
Calling variants ...
Total processed positions in chr3 (chunk 35/40) : 741
Total time elapsed: 2.37 s
Calling variants ...
Total processed positions in chr3 (chunk 36/40) : 1146
Total time elapsed: 2.06 s
Calling variants ...
Total processed positions in chr3 (chunk 38/40) : 777
Total time elapsed: 1.82 s
Calling variants ...
Total processed positions in chr3 (chunk 37/40) : 842
Total time elapsed: 1.95 s
Calling variants ...
Total processed positions in chr3 (chunk 40/40) : 847
Total time elapsed: 1.54 s
Calling variants ...
Total processed positions in chr4 (chunk 2/39) : 1216
Total time elapsed: 2.28 s
Calling variants ...
Total processed positions in chr4 (chunk 1/39) : 1307
Total time elapsed: 2.17 s
Calling variants ...
Total processed positions in chr4 (chunk 4/39) : 361
Total time elapsed: 1.80 s
Calling variants ...
Total processed positions in chr4 (chunk 3/39) : 964
Total time elapsed: 2.10 s
Calling variants ...
Total processed positions in chr3 (chunk 39/40) : 918
Total time elapsed: 2.74 s
Calling variants ...
Total processed positions in chr4 (chunk 5/39) : 1383
Total time elapsed: 3.07 s
Calling variants ...
Total processed positions in chr4 (chunk 7/39) : 551
Total time elapsed: 1.32 s
Calling variants ...
Total processed positions in chr4 (chunk 6/39) : 909
Total time elapsed: 2.15 s
Calling variants ...
Total processed positions in chr4 (chunk 9/39) : 1232
Total time elapsed: 2.14 s
Calling variants ...
Total processed positions in chr4 (chunk 8/39) : 1723
Total time elapsed: 3.47 s
Calling variants ...
Total processed positions in chr4 (chunk 10/39) : 1145
Total time elapsed: 2.91 s
Calling variants ...
Total processed positions in chr4 (chunk 12/39) : 755
Total time elapsed: 2.52 s
Calling variants ...
Total processed positions in chr4 (chunk 13/39) : 1631
Total time elapsed: 2.97 s
Calling variants ...
Total processed positions in chr4 (chunk 14/39) : 1116
Total time elapsed: 3.36 s
Calling variants ...
Total processed positions in chr4 (chunk 16/39) : 1586
Total time elapsed: 3.15 s
Calling variants ...
Total processed positions in chr4 (chunk 15/39) : 917
Total time elapsed: 2.46 s
Calling variants ...
Total processed positions in chr4 (chunk 18/39) : 1057
Total time elapsed: 2.90 s
Calling variants ...
Total processed positions in chr4 (chunk 17/39) : 1231
Total time elapsed: 3.01 s
Calling variants ...
Total processed positions in chr4 (chunk 20/39) : 1122
Total time elapsed: 2.68 s
Calling variants ...
Total processed positions in chr4 (chunk 19/39) : 1009
Total time elapsed: 2.23 s
Calling variants ...
Total processed positions in chr4 (chunk 21/39) : 700
Total time elapsed: 1.99 s
Calling variants ...
Total processed positions in chr4 (chunk 22/39) : 636
Total time elapsed: 1.85 s
Calling variants ...
Total processed positions in chr4 (chunk 24/39) : 342
Total time elapsed: 1.09 s
Calling variants ...
Total processed positions in chr4 (chunk 25/39) : 893
Total time elapsed: 2.11 s
Calling variants ...
Total processed positions in chr4 (chunk 26/39) : 834
Total time elapsed: 2.06 s
Calling variants ...
Total processed positions in chr4 (chunk 23/39) : 882
Total time elapsed: 3.18 s
Calling variants ...
Total processed positions in chr4 (chunk 28/39) : 679
Total time elapsed: 1.42 s
Calling variants ...
Total processed positions in chr4 (chunk 27/39) : 891
Total time elapsed: 2.84 s
Calling variants ...
Total processed positions in chr4 (chunk 29/39) : 951
Total time elapsed: 1.84 s
Calling variants ...
Total processed positions in chr4 (chunk 30/39) : 961
Total time elapsed: 2.72 s
Calling variants ...
Total processed positions in chr4 (chunk 31/39) : 879
Total time elapsed: 2.83 s
Calling variants ...
Total processed positions in chr4 (chunk 32/39) : 1148
Total time elapsed: 2.95 s
Calling variants ...
Total processed positions in chr4 (chunk 34/39) : 663
Total time elapsed: 1.40 s
Calling variants ...
Total processed positions in chr4 (chunk 33/39) : 905
Total time elapsed: 2.79 s
Calling variants ...
Total processed positions in chr4 (chunk 35/39) : 1384
Total time elapsed: 2.13 s
Calling variants ...
Total processed positions in chr4 (chunk 36/39) : 1191
Total time elapsed: 2.43 s
Calling variants ...
Total processed positions in chr4 (chunk 37/39) : 1112
Total time elapsed: 2.03 s
Calling variants ...
Total processed positions in chr5 (chunk 1/37) : 2025
Total time elapsed: 3.03 s
Calling variants ...
Total processed positions in chr4 (chunk 39/39) : 1886
Total time elapsed: 3.16 s
Calling variants ...
Total processed positions in chr4 (chunk 38/39) : 1592
Total time elapsed: 3.52 s
Calling variants ...
Total processed positions in chr4 (chunk 11/39) : 20572
Total time elapsed: 21.44 s
Calling variants ...
Total processed positions in chr5 (chunk 6/37) : 882
Total time elapsed: 2.07 s
Calling variants ...
Total processed positions in chr5 (chunk 3/37) : 986
Total time elapsed: 2.23 s
Calling variants ...
Total processed positions in chr5 (chunk 2/37) : 1417
Total time elapsed: 3.48 s
Calling variants ...
Total processed positions in chr5 (chunk 5/37) : 928
Total time elapsed: 2.64 s
Calling variants ...
Total processed positions in chr5 (chunk 4/37) : 1432
Total time elapsed: 3.68 s
Calling variants ...
Total processed positions in chr5 (chunk 8/37) : 1320
Total time elapsed: 2.25 s
Calling variants ...
Total processed positions in chr5 (chunk 10/37) : 647
Total time elapsed: 1.23 s
Calling variants ...
Total processed positions in chr5 (chunk 7/37) : 1434
Total time elapsed: 3.52 s
Calling variants ...
Total processed positions in chr5 (chunk 9/37) : 683
Total time elapsed: 1.55 s
Calling variants ...
Total processed positions in chr5 (chunk 12/37) : 908
Total time elapsed: 2.57 s
Calling variants ...
Total processed positions in chr5 (chunk 13/37) : 971
Total time elapsed: 3.20 s
Calling variants ...
Total processed positions in chr5 (chunk 15/37) : 883
Total time elapsed: 2.58 s
Calling variants ...
Total processed positions in chr5 (chunk 11/37) : 2828
Total time elapsed: 5.05 s
Calling variants ...
Total processed positions in chr5 (chunk 18/37) : 522
Total time elapsed: 2.13 s
Calling variants ...
Total processed positions in chr5 (chunk 14/37) : 1460
Total time elapsed: 4.15 s
Calling variants ...
Total processed positions in chr5 (chunk 19/37) : 813
Total time elapsed: 2.53 s
Calling variants ...
Total processed positions in chr5 (chunk 17/37) : 1129
Total time elapsed: 3.07 s
Calling variants ...
Total processed positions in chr5 (chunk 16/37) : 1210
Total time elapsed: 3.63 s
Calling variants ...
Total processed positions in chr5 (chunk 22/37) : 567
Total time elapsed: 1.79 s
Calling variants ...
Total processed positions in chr5 (chunk 21/37) : 810
Total time elapsed: 1.50 s
Calling variants ...
Total processed positions in chr5 (chunk 20/37) : 843
Total time elapsed: 2.47 s
Calling variants ...
Total processed positions in chr5 (chunk 24/37) : 1080
Total time elapsed: 3.01 s
Calling variants ...
Total processed positions in chr5 (chunk 23/37) : 675
Total time elapsed: 2.46 s
Calling variants ...
Total processed positions in chr5 (chunk 26/37) : 1241
Total time elapsed: 2.26 s
Calling variants ...
Total processed positions in chr5 (chunk 28/37) : 1028
Total time elapsed: 2.67 s
Calling variants ...
Total processed positions in chr5 (chunk 27/37) : 1391
Total time elapsed: 2.93 s
Calling variants ...
Total processed positions in chr5 (chunk 25/37) : 2106
Total time elapsed: 3.77 s
Calling variants ...
Total processed positions in chr5 (chunk 29/37) : 889
Total time elapsed: 2.26 s
Calling variants ...
Total processed positions in chr5 (chunk 31/37) : 669
Total time elapsed: 2.77 s
Calling variants ...
Total processed positions in chr5 (chunk 30/37) : 1353
Total time elapsed: 4.35 s
Calling variants ...
Total processed positions in chr5 (chunk 33/37) : 1429
Total time elapsed: 3.74 s
Calling variants ...
Total processed positions in chr5 (chunk 34/37) : 1250
Total time elapsed: 3.30 s
Calling variants ...
Total processed positions in chr5 (chunk 35/37) : 1298
Total time elapsed: 2.32 s
Calling variants ...
Total processed positions in chr5 (chunk 32/37) : 1121
Total time elapsed: 4.39 s
Calling variants ...
Total processed positions in chr5 (chunk 36/37) : 566
Total time elapsed: 2.18 s
Calling variants ...
Total processed positions in chr6 (chunk 2/35) : 1054
Total time elapsed: 2.16 s
Calling variants ...
Total processed positions in chr6 (chunk 1/35) : 1056
Total time elapsed: 2.20 s
Calling variants ...
Total processed positions in chr5 (chunk 37/37) : 815
Total time elapsed: 2.71 s
Calling variants ...
Total processed positions in chr6 (chunk 4/35) : 1398
Total time elapsed: 2.37 s
Calling variants ...
Total processed positions in chr6 (chunk 3/35) : 1537
Total time elapsed: 3.63 s
Calling variants ...
Total processed positions in chr6 (chunk 5/35) : 1536
Total time elapsed: 2.64 s
Calling variants ...
Total processed positions in chr6 (chunk 8/35) : 914
Total time elapsed: 2.35 s
Calling variants ...
Total processed positions in chr6 (chunk 13/35) : 151
Total time elapsed: 0.68 s
Calling variants ...
Total processed positions in chr6 (chunk 6/35) : 1494
Total time elapsed: 3.19 s
Calling variants ...
Total processed positions in chr6 (chunk 7/35) : 2103
Total time elapsed: 3.11 s
Calling variants ...
Total processed positions in chr6 (chunk 10/35) : 1098
Total time elapsed: 2.77 s
Calling variants ...
Total processed positions in chr6 (chunk 9/35) : 1584
Total time elapsed: 3.72 s
Calling variants ...
Total processed positions in chr6 (chunk 11/35) : 958
Total time elapsed: 1.70 s
Calling variants ...
Total processed positions in chr6 (chunk 14/35) : 565
Total time elapsed: 2.22 s
Calling variants ...
Total processed positions in chr6 (chunk 12/35) : 1113
Total time elapsed: 3.82 s
Calling variants ...
Total processed positions in chr6 (chunk 16/35) : 670
Total time elapsed: 2.06 s
Calling variants ...
Total processed positions in chr6 (chunk 15/35) : 930
Total time elapsed: 2.69 s
Calling variants ...
Total processed positions in chr6 (chunk 20/35) : 485
Total time elapsed: 1.26 s
Calling variants ...
Total processed positions in chr6 (chunk 17/35) : 868
Total time elapsed: 2.70 s
Calling variants ...
Total processed positions in chr6 (chunk 22/35) : 853
Total time elapsed: 1.89 s
Calling variants ...
Total processed positions in chr6 (chunk 19/35) : 755
Total time elapsed: 2.33 s
Calling variants ...
Total processed positions in chr6 (chunk 18/35) : 1217
Total time elapsed: 3.18 s
Calling variants ...
Total processed positions in chr6 (chunk 23/35) : 879
Total time elapsed: 1.80 s
Calling variants ...
Total processed positions in chr6 (chunk 21/35) : 1245
Total time elapsed: 2.99 s
Calling variants ...
Total processed positions in chr6 (chunk 24/35) : 1446
Total time elapsed: 3.09 s
Calling variants ...
Total processed positions in chr6 (chunk 25/35) : 655
Total time elapsed: 1.90 s
Calling variants ...
Total processed positions in chr6 (chunk 26/35) : 758
Total time elapsed: 1.89 s
Calling variants ...
Total processed positions in chr6 (chunk 28/35) : 539
Total time elapsed: 1.66 s
Calling variants ...
Total processed positions in chr6 (chunk 27/35) : 1456
Total time elapsed: 2.88 s
Calling variants ...
Total processed positions in chr6 (chunk 30/35) : 858
Total time elapsed: 1.81 s
Calling variants ...
Total processed positions in chr6 (chunk 29/35) : 771
Total time elapsed: 1.87 s
Calling variants ...
Total processed positions in chr6 (chunk 34/35) : 1075
Total time elapsed: 2.14 s
Calling variants ...
Total processed positions in chr6 (chunk 31/35) : 1449
Total time elapsed: 2.88 s
Calling variants ...
Total processed positions in chr7 (chunk 1/32) : 733
Total time elapsed: 1.44 s
Calling variants ...
Total processed positions in chr6 (chunk 33/35) : 973
Total time elapsed: 2.37 s
Calling variants ...
Total processed positions in chr6 (chunk 35/35) : 1085
Total time elapsed: 2.32 s
Calling variants ...
Total processed positions in chr6 (chunk 32/35) : 1313
Total time elapsed: 3.63 s
Calling variants ...
Total processed positions in chr7 (chunk 3/32) : 1177
Total time elapsed: 1.95 s
Calling variants ...
Total processed positions in chr7 (chunk 2/32) : 1250
Total time elapsed: 3.16 s
Calling variants ...
Total processed positions in chr7 (chunk 8/32) : 687
Total time elapsed: 1.53 s
Calling variants ...
Total processed positions in chr7 (chunk 7/32) : 737
Total time elapsed: 1.80 s
Calling variants ...
Total processed positions in chr7 (chunk 4/32) : 1234
Total time elapsed: 3.40 s
Calling variants ...
Total processed positions in chr7 (chunk 5/32) : 944
Total time elapsed: 2.79 s
Calling variants ...
Total processed positions in chr7 (chunk 6/32) : 1107
Total time elapsed: 3.08 s
Calling variants ...
Total processed positions in chr7 (chunk 10/32) : 1009
Total time elapsed: 1.89 s
Calling variants ...
Total processed positions in chr7 (chunk 9/32) : 1376
Total time elapsed: 2.82 s
Calling variants ...
Total processed positions in chr7 (chunk 12/32) : 1022
Total time elapsed: 2.11 s
Calling variants ...
Total processed positions in chr7 (chunk 14/32) : 820
Total time elapsed: 1.53 s
Calling variants ...
Total processed positions in chr7 (chunk 13/32) : 546
Total time elapsed: 1.81 s
Calling variants ...
Total processed positions in chr7 (chunk 11/32) : 1147
Total time elapsed: 2.99 s
Calling variants ...
Total processed positions in chr7 (chunk 17/32) : 520
Total time elapsed: 1.37 s
Calling variants ...
Total processed positions in chr7 (chunk 15/32) : 1508
Total time elapsed: 2.45 s
Calling variants ...
Total processed positions in chr7 (chunk 18/32) : 884
Total time elapsed: 1.90 s
Calling variants ...
Total processed positions in chr7 (chunk 19/32) : 680
Total time elapsed: 1.74 s
Calling variants ...
Total processed positions in chr7 (chunk 16/32) : 1164
Total time elapsed: 2.78 s
Calling variants ...
Total processed positions in chr7 (chunk 20/32) : 965
Total time elapsed: 2.73 s
Calling variants ...
Total processed positions in chr7 (chunk 22/32) : 1180
Total time elapsed: 2.70 s
Calling variants ...
Total processed positions in chr7 (chunk 24/32) : 1126
Total time elapsed: 2.22 s
Calling variants ...
Total processed positions in chr7 (chunk 21/32) : 1838
Total time elapsed: 3.05 s
Calling variants ...
Total processed positions in chr7 (chunk 27/32) : 1059
Total time elapsed: 2.21 s
Calling variants ...
Total processed positions in chr7 (chunk 23/32) : 1017
Total time elapsed: 3.10 s
Calling variants ...
Total processed positions in chr7 (chunk 26/32) : 1152
Total time elapsed: 3.20 s
Calling variants ...
Total processed positions in chr7 (chunk 25/32) : 952
Total time elapsed: 3.41 s
Calling variants ...
Total processed positions in chr7 (chunk 30/32) : 929
Total time elapsed: 1.96 s
Calling variants ...
Total processed positions in chr7 (chunk 28/32) : 1202
Total time elapsed: 3.07 s
Calling variants ...
Total processed positions in chr7 (chunk 32/32) : 1640
Total time elapsed: 2.61 s
Calling variants ...
Total processed positions in chr7 (chunk 31/32) : 1311
Total time elapsed: 4.05 s
Calling variants ...
Total processed positions in chr8 (chunk 3/30) : 1303
Total time elapsed: 2.26 s
Calling variants ...
Total processed positions in chr7 (chunk 29/32) : 2482
Total time elapsed: 5.09 s
Calling variants ...
Total processed positions in chr8 (chunk 2/30) : 1012
Total time elapsed: 2.57 s
Calling variants ...
Total processed positions in chr8 (chunk 1/30) : 794
Total time elapsed: 2.29 s
Calling variants ...
Total processed positions in chr8 (chunk 5/30) : 955
Total time elapsed: 2.63 s
Calling variants ...
Total processed positions in chr8 (chunk 4/30) : 891
Total time elapsed: 2.22 s
Calling variants ...
Total processed positions in chr8 (chunk 7/30) : 741
Total time elapsed: 2.70 s
Calling variants ...
Total processed positions in chr8 (chunk 6/30) : 1279
Total time elapsed: 3.06 s
Calling variants ...
Total processed positions in chr8 (chunk 8/30) : 1202
Total time elapsed: 2.89 s
Calling variants ...
Total processed positions in chr8 (chunk 9/30) : 560
Total time elapsed: 2.05 s
Calling variants ...
Total processed positions in chr8 (chunk 12/30) : 1172
Total time elapsed: 2.14 s
Calling variants ...
Total processed positions in chr8 (chunk 10/30) : 2090
Total time elapsed: 3.27 s
Calling variants ...
Total processed positions in chr8 (chunk 11/30) : 1162
Total time elapsed: 2.56 s
Calling variants ...
Total processed positions in chr8 (chunk 14/30) : 1181
Total time elapsed: 2.41 s
Calling variants ...
Total processed positions in chr8 (chunk 13/30) : 956
Total time elapsed: 2.78 s
Calling variants ...
Total processed positions in chr8 (chunk 16/30) : 644
Total time elapsed: 1.91 s
Calling variants ...
Total processed positions in chr8 (chunk 15/30) : 1113
Total time elapsed: 2.70 s
Calling variants ...
Total processed positions in chr8 (chunk 17/30) : 1139
Total time elapsed: 2.25 s
Calling variants ...
Total processed positions in chr8 (chunk 18/30) : 798
Total time elapsed: 2.37 s
Calling variants ...
Total processed positions in chr8 (chunk 21/30) : 870
Total time elapsed: 1.66 s
Calling variants ...
Total processed positions in chr8 (chunk 19/30) : 701
Total time elapsed: 3.03 s
Calling variants ...
Total processed positions in chr8 (chunk 24/30) : 502
Total time elapsed: 1.28 s
Calling variants ...
Total processed positions in chr8 (chunk 20/30) : 1057
Total time elapsed: 3.36 s
Calling variants ...
Total processed positions in chr8 (chunk 23/30) : 902
Total time elapsed: 2.18 s
Calling variants ...
Total processed positions in chr8 (chunk 25/30) : 1397
Total time elapsed: 2.53 s
Calling variants ...
Total processed positions in chr8 (chunk 22/30) : 506
Total time elapsed: 2.27 s
Calling variants ...
Total processed positions in chr8 (chunk 28/30) : 1160
Total time elapsed: 2.14 s
Calling variants ...
Total processed positions in chr8 (chunk 29/30) : 788
Total time elapsed: 2.23 s
Calling variants ...
Total processed positions in chr8 (chunk 27/30) : 1266
Total time elapsed: 3.32 s
Calling variants ...
Total processed positions in chr8 (chunk 26/30) : 1469
Total time elapsed: 3.89 s
Calling variants ...
Total processed positions in chr9 (chunk 2/28) : 1049
Total time elapsed: 1.86 s
Calling variants ...
Total processed positions in chr9 (chunk 3/28) : 920
Total time elapsed: 1.71 s
Calling variants ...
Total processed positions in chr9 (chunk 1/28) : 1375
Total time elapsed: 2.66 s
Calling variants ...
Total processed positions in chr8 (chunk 30/30) : 1196
Total time elapsed: 3.17 s
Calling variants ...
Total processed positions in chr9 (chunk 4/28) : 898
Total time elapsed: 2.47 s
Calling variants ...
Total processed positions in chr9 (chunk 5/28) : 611
Total time elapsed: 2.55 s
Calling variants ...
Total processed positions in chr9 (chunk 7/28) : 961
Total time elapsed: 2.13 s
Calling variants ...
Total processed positions in chr9 (chunk 6/28) : 928
Total time elapsed: 1.86 s
Calling variants ...
Total processed positions in chr9 (chunk 10/28) : 0
Total time elapsed: 0.15 s
[INFO] No vcf output for file /hdd4/sines/specialtopicsinbioinformatics/hafsa.sines/variant_calling_pipeline/results/clair3/tmp/pileup_output/pileup_chr9_10.vcf, remove empty file
Calling variants ...
Total processed positions in chr9 (chunk 11/28) : 0
Total time elapsed: 0.15 s
[INFO] No vcf output for file /hdd4/sines/specialtopicsinbioinformatics/hafsa.sines/variant_calling_pipeline/results/clair3/tmp/pileup_output/pileup_chr9_11.vcf, remove empty file
Calling variants ...
Total processed positions in chr9 (chunk 12/28) : 0
Total time elapsed: 0.09 s
[INFO] No vcf output for file /hdd4/sines/specialtopicsinbioinformatics/hafsa.sines/variant_calling_pipeline/results/clair3/tmp/pileup_output/pileup_chr9_12.vcf, remove empty file
Calling variants ...
Total processed positions in chr9 (chunk 8/28) : 1109
Total time elapsed: 2.71 s
Calling variants ...
Total processed positions in chr9 (chunk 9/28) : 1785
Total time elapsed: 3.61 s
Calling variants ...
Total processed positions in chr9 (chunk 14/28) : 884
Total time elapsed: 2.20 s
Calling variants ...
Total processed positions in chr9 (chunk 15/28) : 329
Total time elapsed: 1.69 s
Calling variants ...
Total processed positions in chr9 (chunk 17/28) : 1035
Total time elapsed: 1.87 s
Calling variants ...
Total processed positions in chr9 (chunk 13/28) : 2946
Total time elapsed: 3.67 s
Calling variants ...
Total processed positions in chr9 (chunk 16/28) : 1915
Total time elapsed: 2.88 s
Calling variants ...
Total processed positions in chr9 (chunk 20/28) : 985
Total time elapsed: 2.55 s
Calling variants ...
Total processed positions in chr9 (chunk 18/28) : 739
Total time elapsed: 2.48 s
Calling variants ...
Total processed positions in chr9 (chunk 19/28) : 666
Total time elapsed: 2.50 s
Calling variants ...
Total processed positions in chr9 (chunk 23/28) : 837
Total time elapsed: 2.37 s
Calling variants ...
Total processed positions in chr9 (chunk 21/28) : 1232
Total time elapsed: 3.12 s
Calling variants ...
Total processed positions in chr9 (chunk 22/28) : 908
Total time elapsed: 3.29 s
Calling variants ...
Total processed positions in chr9 (chunk 24/28) : 925
Total time elapsed: 2.78 s
Calling variants ...
Total processed positions in chr9 (chunk 28/28) : 875
Total time elapsed: 1.72 s
Calling variants ...
Total processed positions in chr9 (chunk 27/28) : 862
Total time elapsed: 2.09 s
Calling variants ...
Total processed positions in chr9 (chunk 25/28) : 827
Total time elapsed: 3.16 s
Calling variants ...
Total processed positions in chr10 (chunk 1/27) : 1111
Total time elapsed: 2.69 s
Calling variants ...
Total processed positions in chr9 (chunk 26/28) : 1837
Total time elapsed: 3.33 s
Calling variants ...
Total processed positions in chr10 (chunk 2/27) : 957
Total time elapsed: 2.80 s
Calling variants ...
Total processed positions in chr10 (chunk 4/27) : 952
Total time elapsed: 2.60 s
Calling variants ...
Total processed positions in chr10 (chunk 3/27) : 1991
Total time elapsed: 3.50 s
Calling variants ...
Total processed positions in chr10 (chunk 6/27) : 1089
Total time elapsed: 2.83 s
Calling variants ...
Total processed positions in chr10 (chunk 5/27) : 762
Total time elapsed: 2.40 s
Calling variants ...
Total processed positions in chr10 (chunk 8/27) : 407
Total time elapsed: 1.24 s
Calling variants ...
Total processed positions in chr10 (chunk 7/27) : 1005
Total time elapsed: 3.28 s
Calling variants ...
Total processed positions in chr10 (chunk 10/27) : 987
Total time elapsed: 2.38 s
Calling variants ...
Total processed positions in chr10 (chunk 11/27) : 1236
Total time elapsed: 2.26 s
Calling variants ...
Total processed positions in chr10 (chunk 12/27) : 918
Total time elapsed: 2.28 s
Calling variants ...
Total processed positions in chr10 (chunk 13/27) : 974
Total time elapsed: 2.63 s
Calling variants ...
Total processed positions in chr10 (chunk 14/27) : 1182
Total time elapsed: 2.68 s
Calling variants ...
Total processed positions in chr10 (chunk 15/27) : 971
Total time elapsed: 2.38 s
Calling variants ...
Total processed positions in chr10 (chunk 16/27) : 938
Total time elapsed: 2.80 s
Calling variants ...
Total processed positions in chr10 (chunk 18/27) : 1764
Total time elapsed: 3.68 s
Calling variants ...
Total processed positions in chr10 (chunk 17/27) : 1381
Total time elapsed: 3.26 s
Calling variants ...
Total processed positions in chr10 (chunk 19/27) : 1508
Total time elapsed: 3.68 s
Calling variants ...
Total processed positions in chr10 (chunk 23/27) : 748
Total time elapsed: 1.64 s
Calling variants ...
Total processed positions in chr10 (chunk 20/27) : 732
Total time elapsed: 2.59 s
Calling variants ...
Total processed positions in chr10 (chunk 22/27) : 768
Total time elapsed: 2.47 s
Calling variants ...
Total processed positions in chr10 (chunk 21/27) : 786
Total time elapsed: 2.35 s
Calling variants ...
Total processed positions in chr10 (chunk 9/27) : 10680
Total time elapsed: 11.20 s
Calling variants ...
Total processed positions in chr10 (chunk 24/27) : 513
Total time elapsed: 1.61 s
Calling variants ...
Total processed positions in chr10 (chunk 25/27) : 1264
Total time elapsed: 2.21 s
Calling variants ...
Total processed positions in chr10 (chunk 26/27) : 1148
Total time elapsed: 3.57 s
Calling variants ...
Total processed positions in chr11 (chunk 2/28) : 1171
Total time elapsed: 2.11 s
Calling variants ...
Total processed positions in chr11 (chunk 3/28) : 993
Total time elapsed: 1.80 s
Calling variants ...
Total processed positions in chr11 (chunk 4/28) : 640
Total time elapsed: 2.22 s
Calling variants ...
Total processed positions in chr10 (chunk 27/27) : 3934
Total time elapsed: 5.02 s
Calling variants ...
Total processed positions in chr11 (chunk 7/28) : 1041
Total time elapsed: 1.89 s
Calling variants ...
Total processed positions in chr11 (chunk 1/28) : 1399
Total time elapsed: 3.60 s
Calling variants ...
Total processed positions in chr11 (chunk 9/28) : 556
Total time elapsed: 1.56 s
Calling variants ...
Total processed positions in chr11 (chunk 6/28) : 651
Total time elapsed: 1.68 s
Calling variants ...
Total processed positions in chr11 (chunk 5/28) : 1670
Total time elapsed: 3.55 s
Calling variants ...
Total processed positions in chr11 (chunk 8/28) : 1052
Total time elapsed: 2.94 s
Calling variants ...
Total processed positions in chr11 (chunk 10/28) : 1639
Total time elapsed: 2.65 s
Calling variants ...
Total processed positions in chr11 (chunk 11/28) : 482
Total time elapsed: 1.08 s
Calling variants ...
Total processed positions in chr11 (chunk 12/28) : 316
Total time elapsed: 1.11 s
Calling variants ...
Total processed positions in chr11 (chunk 17/28) : 1063
Total time elapsed: 2.27 s
Calling variants ...
Total processed positions in chr11 (chunk 16/28) : 1091
Total time elapsed: 2.30 s
Calling variants ...
Total processed positions in chr11 (chunk 15/28) : 1324
Total time elapsed: 2.71 s
Calling variants ...
Total processed positions in chr11 (chunk 13/28) : 1358
Total time elapsed: 3.07 s
Calling variants ...
Total processed positions in chr11 (chunk 14/28) : 1474
Total time elapsed: 3.55 s
Calling variants ...
Total processed positions in chr11 (chunk 22/28) : 674
Total time elapsed: 1.75 s
Calling variants ...
Total processed positions in chr11 (chunk 21/28) : 1026
Total time elapsed: 2.00 s
Calling variants ...
Total processed positions in chr11 (chunk 18/28) : 1485
Total time elapsed: 3.28 s
Calling variants ...
Total processed positions in chr11 (chunk 20/28) : 1368
Total time elapsed: 3.04 s
Calling variants ...
Total processed positions in chr11 (chunk 19/28) : 1275
Total time elapsed: 3.36 s
Calling variants ...
Total processed positions in chr11 (chunk 23/28) : 1119
Total time elapsed: 2.43 s
Calling variants ...
Total processed positions in chr11 (chunk 24/28) : 2071
Total time elapsed: 3.96 s
Calling variants ...
Total processed positions in chr11 (chunk 26/28) : 923
Total time elapsed: 2.31 s
Calling variants ...
Total processed positions in chr11 (chunk 27/28) : 508
Total time elapsed: 1.90 s
Calling variants ...
Total processed positions in chr12 (chunk 1/27) : 1730
Total time elapsed: 2.66 s
Calling variants ...
Total processed positions in chr11 (chunk 25/28) : 892
Total time elapsed: 3.30 s
Calling variants ...
Total processed positions in chr12 (chunk 7/27) : 954
Total time elapsed: 1.95 s
Calling variants ...
Total processed positions in chr12 (chunk 6/27) : 1349
Total time elapsed: 2.65 s
Calling variants ...
Total processed positions in chr12 (chunk 2/27) : 996
Total time elapsed: 2.74 s
Calling variants ...
Total processed positions in chr11 (chunk 28/28) : 1330
Total time elapsed: 3.70 s
Calling variants ...
Total processed positions in chr12 (chunk 4/27) : 924
Total time elapsed: 2.56 s
Calling variants ...
Total processed positions in chr12 (chunk 5/27) : 908
Total time elapsed: 2.89 s
Calling variants ...
Total processed positions in chr12 (chunk 3/27) : 2709
Total time elapsed: 4.04 s
Calling variants ...
Total processed positions in chr12 (chunk 8/27) : 680
Total time elapsed: 1.59 s
Calling variants ...
Total processed positions in chr12 (chunk 10/27) : 426
Total time elapsed: 1.22 s
Calling variants ...
Total processed positions in chr12 (chunk 9/27) : 923
Total time elapsed: 2.03 s
Calling variants ...
Total processed positions in chr12 (chunk 13/27) : 532
Total time elapsed: 2.07 s
Calling variants ...
Total processed positions in chr12 (chunk 14/27) : 1568
Total time elapsed: 2.81 s
Calling variants ...
Total processed positions in chr12 (chunk 16/27) : 1080
Total time elapsed: 1.91 s
Calling variants ...
Total processed positions in chr12 (chunk 12/27) : 1298
Total time elapsed: 3.39 s
Calling variants ...
Total processed positions in chr12 (chunk 11/27) : 1174
Total time elapsed: 3.82 s
Calling variants ...
Total processed positions in chr12 (chunk 18/27) : 862
Total time elapsed: 2.06 s
Calling variants ...
Total processed positions in chr12 (chunk 17/27) : 1016
Total time elapsed: 2.23 s
Calling variants ...
Total processed positions in chr12 (chunk 19/27) : 978
Total time elapsed: 1.81 s
Calling variants ...
Total processed positions in chr12 (chunk 15/27) : 1282
Total time elapsed: 3.30 s
Calling variants ...
Total processed positions in chr12 (chunk 20/27) : 967
Total time elapsed: 2.16 s
Calling variants ...
Total processed positions in chr12 (chunk 21/27) : 1067
Total time elapsed: 2.22 s
Calling variants ...
Total processed positions in chr12 (chunk 22/27) : 1230
Total time elapsed: 2.90 s
Calling variants ...
Total processed positions in chr13 (chunk 1/23) : 0
Total time elapsed: 0.13 s
[INFO] No vcf output for file /hdd4/sines/specialtopicsinbioinformatics/hafsa.sines/variant_calling_pipeline/results/clair3/tmp/pileup_output/pileup_chr13_1.vcf, remove empty file
Calling variants ...
Total processed positions in chr13 (chunk 2/23) : 0
Total time elapsed: 0.09 s
[INFO] No vcf output for file /hdd4/sines/specialtopicsinbioinformatics/hafsa.sines/variant_calling_pipeline/results/clair3/tmp/pileup_output/pileup_chr13_2.vcf, remove empty file
Calling variants ...
Total processed positions in chr13 (chunk 3/23) : 0
Total time elapsed: 0.09 s
[INFO] No vcf output for file /hdd4/sines/specialtopicsinbioinformatics/hafsa.sines/variant_calling_pipeline/results/clair3/tmp/pileup_output/pileup_chr13_3.vcf, remove empty file
Calling variants ...
Total processed positions in chr12 (chunk 25/27) : 651
Total time elapsed: 2.08 s
Calling variants ...
Total processed positions in chr12 (chunk 23/27) : 1369
Total time elapsed: 3.00 s
Calling variants ...
Total processed positions in chr12 (chunk 27/27) : 1112
Total time elapsed: 2.63 s
Calling variants ...
Total processed positions in chr12 (chunk 24/27) : 1345
Total time elapsed: 2.83 s
Calling variants ...
Total processed positions in chr12 (chunk 26/27) : 1166
Total time elapsed: 2.43 s
Calling variants ...
Total processed positions in chr13 (chunk 5/23) : 934
Total time elapsed: 2.14 s
Calling variants ...
Total processed positions in chr13 (chunk 4/23) : 2869
Total time elapsed: 4.05 s
Calling variants ...
Total processed positions in chr13 (chunk 8/23) : 796
Total time elapsed: 1.56 s
Calling variants ...
Total processed positions in chr13 (chunk 10/23) : 915
Total time elapsed: 1.95 s
Calling variants ...
Total processed positions in chr13 (chunk 7/23) : 1007
Total time elapsed: 2.59 s
Calling variants ...
Total processed positions in chr13 (chunk 11/23) : 601
Total time elapsed: 1.36 s
Calling variants ...
Total processed positions in chr13 (chunk 12/23) : 636
Total time elapsed: 1.45 s
Calling variants ...
Total processed positions in chr13 (chunk 6/23) : 1300
Total time elapsed: 3.43 s
Calling variants ...
Total processed positions in chr13 (chunk 9/23) : 1475
Total time elapsed: 3.41 s
Calling variants ...
Total processed positions in chr13 (chunk 14/23) : 295
Total time elapsed: 1.09 s
Calling variants ...
Total processed positions in chr13 (chunk 13/23) : 895
Total time elapsed: 2.41 s
Calling variants ...
Total processed positions in chr13 (chunk 16/23) : 803
Total time elapsed: 1.85 s
Calling variants ...
Total processed positions in chr13 (chunk 15/23) : 1175
Total time elapsed: 3.25 s
Calling variants ...
Total processed positions in chr14 (chunk 1/22) : 0
Total time elapsed: 0.12 s
[INFO] No vcf output for file /hdd4/sines/specialtopicsinbioinformatics/hafsa.sines/variant_calling_pipeline/results/clair3/tmp/pileup_output/pileup_chr14_1.vcf, remove empty file
Calling variants ...
Total processed positions in chr13 (chunk 21/23) : 749
Total time elapsed: 1.70 s
Calling variants ...
Total processed positions in chr13 (chunk 18/23) : 1011
Total time elapsed: 2.63 s
Calling variants ...
Total processed positions in chr13 (chunk 17/23) : 1839
Total time elapsed: 3.91 s
Calling variants ...
Total processed positions in chr13 (chunk 22/23) : 985
Total time elapsed: 2.06 s
Calling variants ...
Total processed positions in chr13 (chunk 19/23) : 754
Total time elapsed: 2.30 s
Calling variants ...
Total processed positions in chr14 (chunk 2/22) : 0
Total time elapsed: 0.17 s
[INFO] No vcf output for file /hdd4/sines/specialtopicsinbioinformatics/hafsa.sines/variant_calling_pipeline/results/clair3/tmp/pileup_output/pileup_chr14_2.vcf, remove empty file
Calling variants ...
Total processed positions in chr13 (chunk 20/23) : 1145
Total time elapsed: 2.81 s
Calling variants ...
Total processed positions in chr13 (chunk 23/23) : 1599
Total time elapsed: 2.81 s
Calling variants ...
Total processed positions in chr14 (chunk 3/22) : 0
Total time elapsed: 0.17 s
[INFO] No vcf output for file /hdd4/sines/specialtopicsinbioinformatics/hafsa.sines/variant_calling_pipeline/results/clair3/tmp/pileup_output/pileup_chr14_3.vcf, remove empty file
Calling variants ...
Total processed positions in chr14 (chunk 4/22) : 2423
Total time elapsed: 2.76 s
Calling variants ...
Total processed positions in chr14 (chunk 7/22) : 737
Total time elapsed: 1.59 s
Calling variants ...
Total processed positions in chr14 (chunk 5/22) : 1291
Total time elapsed: 2.81 s
Calling variants ...
Total processed positions in chr14 (chunk 9/22) : 598
Total time elapsed: 1.58 s
Calling variants ...
Total processed positions in chr14 (chunk 8/22) : 971
Total time elapsed: 2.27 s
Calling variants ...
Total processed positions in chr14 (chunk 6/22) : 1420
Total time elapsed: 3.31 s
Calling variants ...
Total processed positions in chr14 (chunk 10/22) : 1042
Total time elapsed: 2.35 s
Calling variants ...
Total processed positions in chr14 (chunk 11/22) : 693
Total time elapsed: 2.22 s
Calling variants ...
Total processed positions in chr14 (chunk 13/22) : 1209
Total time elapsed: 2.35 s
Calling variants ...
Total processed positions in chr14 (chunk 15/22) : 791
Total time elapsed: 1.74 s
Calling variants ...
Total processed positions in chr14 (chunk 12/22) : 921
Total time elapsed: 2.73 s
Calling variants ...
Total processed positions in chr14 (chunk 14/22) : 754
Total time elapsed: 2.31 s
Calling variants ...
Total processed positions in chr14 (chunk 16/22) : 649
Total time elapsed: 1.61 s
Calling variants ...
Total processed positions in chr15 (chunk 2/21) : 0
Total time elapsed: 0.16 s
[INFO] No vcf output for file /hdd4/sines/specialtopicsinbioinformatics/hafsa.sines/variant_calling_pipeline/results/clair3/tmp/pileup_output/pileup_chr15_2.vcf, remove empty file
Calling variants ...
Total processed positions in chr15 (chunk 1/21) : 0
Total time elapsed: 0.09 s
[INFO] No vcf output for file /hdd4/sines/specialtopicsinbioinformatics/hafsa.sines/variant_calling_pipeline/results/clair3/tmp/pileup_output/pileup_chr15_1.vcf, remove empty file
Calling variants ...
Total processed positions in chr15 (chunk 3/21) : 0
Total time elapsed: 0.09 s
[INFO] No vcf output for file /hdd4/sines/specialtopicsinbioinformatics/hafsa.sines/variant_calling_pipeline/results/clair3/tmp/pileup_output/pileup_chr15_3.vcf, remove empty file
Calling variants ...
Total processed positions in chr14 (chunk 17/22) : 1176
Total time elapsed: 3.26 s
Calling variants ...
Total processed positions in chr14 (chunk 19/22) : 1076
Total time elapsed: 3.04 s
Calling variants ...
Total processed positions in chr14 (chunk 20/22) : 1088
Total time elapsed: 2.40 s
Calling variants ...
Total processed positions in chr15 (chunk 4/21) : 389
Total time elapsed: 0.92 s
Calling variants ...
Total processed positions in chr14 (chunk 18/22) : 1607
Total time elapsed: 3.45 s
Calling variants ...
Total processed positions in chr14 (chunk 21/22) : 1739
Total time elapsed: 3.25 s
Calling variants ...
Total processed positions in chr14 (chunk 22/22) : 1332
Total time elapsed: 3.04 s
Calling variants ...
Total processed positions in chr15 (chunk 5/21) : 988
Total time elapsed: 2.49 s
Calling variants ...
Total processed positions in chr15 (chunk 6/21) : 762
Total time elapsed: 1.56 s
Calling variants ...
Total processed positions in chr15 (chunk 9/21) : 668
Total time elapsed: 1.55 s
Calling variants ...
Total processed positions in chr15 (chunk 10/21) : 840
Total time elapsed: 1.83 s
Calling variants ...
Total processed positions in chr15 (chunk 11/21) : 1149
Total time elapsed: 2.09 s
Calling variants ...
Total processed positions in chr15 (chunk 12/21) : 1028
Total time elapsed: 1.91 s
Calling variants ...
Total processed positions in chr15 (chunk 8/21) : 1271
Total time elapsed: 3.64 s
Calling variants ...
Total processed positions in chr15 (chunk 7/21) : 1533
Total time elapsed: 4.39 s
Calling variants ...
Total processed positions in chr15 (chunk 13/21) : 1341
Total time elapsed: 3.40 s
Calling variants ...
Total processed positions in chr15 (chunk 14/21) : 1201
Total time elapsed: 3.30 s
Calling variants ...
Total processed positions in chr15 (chunk 16/21) : 895
Total time elapsed: 2.62 s
Calling variants ...
Total processed positions in chr15 (chunk 15/21) : 1595
Total time elapsed: 3.95 s
Calling variants ...
Total processed positions in chr15 (chunk 17/21) : 1148
Total time elapsed: 2.89 s
Calling variants ...
Total processed positions in chr15 (chunk 18/21) : 875
Total time elapsed: 2.81 s
Calling variants ...
Total processed positions in chr15 (chunk 20/21) : 1106
Total time elapsed: 2.14 s
Calling variants ...
Total processed positions in chr15 (chunk 21/21) : 785
Total time elapsed: 1.91 s
Calling variants ...
Total processed positions in chr15 (chunk 19/21) : 936
Total time elapsed: 2.51 s
Calling variants ...
Total processed positions in chr16 (chunk 1/19) : 1089
Total time elapsed: 2.88 s
Calling variants ...
Total processed positions in chr16 (chunk 3/19) : 1080
Total time elapsed: 2.53 s
Calling variants ...
Total processed positions in chr16 (chunk 2/19) : 1305
Total time elapsed: 2.99 s
Calling variants ...
Total processed positions in chr16 (chunk 5/19) : 1000
Total time elapsed: 2.56 s
Calling variants ...
Total processed positions in chr16 (chunk 6/19) : 1273
Total time elapsed: 2.92 s
Calling variants ...
Total processed positions in chr16 (chunk 7/19) : 660
Total time elapsed: 2.19 s
Calling variants ...
Total processed positions in chr16 (chunk 9/19) : 0
Total time elapsed: 0.10 s
[INFO] No vcf output for file /hdd4/sines/specialtopicsinbioinformatics/hafsa.sines/variant_calling_pipeline/results/clair3/tmp/pileup_output/pileup_chr16_9.vcf, remove empty file
Calling variants ...
Total processed positions in chr16 (chunk 8/19) : 471
Total time elapsed: 1.30 s
Calling variants ...
Total processed positions in chr16 (chunk 4/19) : 1111
Total time elapsed: 3.02 s
Calling variants ...
Total processed positions in chr16 (chunk 10/19) : 1864
Total time elapsed: 2.45 s
Calling variants ...
Total processed positions in chr16 (chunk 13/19) : 1178
Total time elapsed: 2.36 s
Calling variants ...
Total processed positions in chr16 (chunk 12/19) : 1518
Total time elapsed: 3.31 s
Calling variants ...
Total processed positions in chr16 (chunk 15/19) : 767
Total time elapsed: 2.57 s
Calling variants ...
Total processed positions in chr16 (chunk 11/19) : 1170
Total time elapsed: 3.32 s
Calling variants ...
Total processed positions in chr16 (chunk 17/19) : 940
Total time elapsed: 1.91 s
Calling variants ...
Total processed positions in chr16 (chunk 16/19) : 943
Total time elapsed: 2.25 s
Calling variants ...
Total processed positions in chr17 (chunk 1/17) : 967
Total time elapsed: 2.20 s
Calling variants ...
Total processed positions in chr16 (chunk 19/19) : 911
Total time elapsed: 1.96 s
Calling variants ...
Total processed positions in chr17 (chunk 2/17) : 1087
Total time elapsed: 2.19 s
Calling variants ...
Total processed positions in chr16 (chunk 14/19) : 996
Total time elapsed: 2.70 s
Calling variants ...
Total processed positions in chr16 (chunk 18/19) : 1268
Total time elapsed: 3.48 s
Calling variants ...
Total processed positions in chr17 (chunk 3/17) : 974
Total time elapsed: 2.09 s
Calling variants ...
Total processed positions in chr17 (chunk 8/17) : 945
Total time elapsed: 1.80 s
Calling variants ...
Total processed positions in chr17 (chunk 4/17) : 903
Total time elapsed: 1.70 s
Calling variants ...
Total processed positions in chr17 (chunk 6/17) : 1040
Total time elapsed: 2.09 s
Calling variants ...
Total processed positions in chr17 (chunk 7/17) : 1206
Total time elapsed: 2.27 s
Calling variants ...
Total processed positions in chr17 (chunk 5/17) : 2442
Total time elapsed: 3.91 s
Calling variants ...
Total processed positions in chr17 (chunk 10/17) : 1621
Total time elapsed: 2.59 s
Calling variants ...
Total processed positions in chr17 (chunk 11/17) : 687
Total time elapsed: 2.35 s
Calling variants ...
Total processed positions in chr17 (chunk 12/17) : 988
Total time elapsed: 2.44 s
Calling variants ...
Total processed positions in chr17 (chunk 13/17) : 773
Total time elapsed: 2.62 s
Calling variants ...
Total processed positions in chr17 (chunk 9/17) : 1801
Total time elapsed: 3.99 s
Calling variants ...
Total processed positions in chr17 (chunk 14/17) : 1010
Total time elapsed: 2.52 s
Calling variants ...
Total processed positions in chr17 (chunk 15/17) : 1359
Total time elapsed: 2.95 s
Calling variants ...
Total processed positions in chr17 (chunk 16/17) : 1027
Total time elapsed: 2.47 s
Calling variants ...
Total processed positions in chr18 (chunk 1/17) : 864
Total time elapsed: 1.86 s
Calling variants ...
Total processed positions in chr18 (chunk 3/17) : 1155
Total time elapsed: 2.29 s
Calling variants ...
Total processed positions in chr17 (chunk 17/17) : 1049
Total time elapsed: 3.22 s
Calling variants ...
Total processed positions in chr18 (chunk 7/17) : 561
Total time elapsed: 1.31 s
Calling variants ...
Total processed positions in chr18 (chunk 2/17) : 935
Total time elapsed: 2.71 s
Calling variants ...
Total processed positions in chr18 (chunk 4/17) : 1418
Total time elapsed: 2.49 s
Calling variants ...
Total processed positions in chr18 (chunk 5/17) : 882
Total time elapsed: 2.16 s
Calling variants ...
Total processed positions in chr18 (chunk 8/17) : 1057
Total time elapsed: 2.20 s
Calling variants ...
Total processed positions in chr18 (chunk 6/17) : 1021
Total time elapsed: 2.99 s
Calling variants ...
Total processed positions in chr18 (chunk 10/17) : 1045
Total time elapsed: 1.80 s
Calling variants ...
Total processed positions in chr18 (chunk 9/17) : 860
Total time elapsed: 2.31 s
Calling variants ...
Total processed positions in chr18 (chunk 13/17) : 983
Total time elapsed: 1.85 s
Calling variants ...
Total processed positions in chr18 (chunk 15/17) : 628
Total time elapsed: 1.82 s
Calling variants ...
Total processed positions in chr18 (chunk 14/17) : 1192
Total time elapsed: 2.79 s
Calling variants ...
Total processed positions in chr18 (chunk 16/17) : 1208
Total time elapsed: 2.21 s
Calling variants ...
Total processed positions in chr19 (chunk 1/12) : 861
Total time elapsed: 1.68 s
Calling variants ...
Total processed positions in chr18 (chunk 12/17) : 844
Total time elapsed: 3.29 s
Calling variants ...
Total processed positions in chr18 (chunk 11/17) : 1304
Total time elapsed: 3.69 s
Calling variants ...
Total processed positions in chr18 (chunk 17/17) : 971
Total time elapsed: 2.33 s
Calling variants ...
Total processed positions in chr19 (chunk 4/12) : 979
Total time elapsed: 2.50 s
Calling variants ...
Total processed positions in chr19 (chunk 5/12) : 795
Total time elapsed: 1.91 s
Calling variants ...
Total processed positions in chr19 (chunk 3/12) : 1333
Total time elapsed: 3.55 s
Calling variants ...
Total processed positions in chr19 (chunk 2/12) : 1486
Total time elapsed: 3.70 s
Calling variants ...
Total processed positions in chr19 (chunk 6/12) : 514
Total time elapsed: 1.00 s
Calling variants ...
Total processed positions in chr19 (chunk 7/12) : 666
Total time elapsed: 1.42 s
Calling variants ...
Total processed positions in chr19 (chunk 10/12) : 1307
Total time elapsed: 2.29 s
Calling variants ...
Total processed positions in chr19 (chunk 8/12) : 947
Total time elapsed: 2.61 s
Calling variants ...
Total processed positions in chr19 (chunk 9/12) : 1328
Total time elapsed: 3.31 s
Calling variants ...
Total processed positions in chr19 (chunk 11/12) : 775
Total time elapsed: 2.90 s
Calling variants ...
Total processed positions in chr19 (chunk 12/12) : 844
Total time elapsed: 3.49 s
Calling variants ...
Total processed positions in chr20 (chunk 1/13) : 1207
Total time elapsed: 2.71 s
Calling variants ...
Total processed positions in chr20 (chunk 3/13) : 871
Total time elapsed: 2.20 s
Calling variants ...
Total processed positions in chr20 (chunk 2/13) : 1044
Total time elapsed: 2.13 s
Calling variants ...
Total processed positions in chr20 (chunk 5/13) : 633
Total time elapsed: 2.00 s
Calling variants ...
Total processed positions in chr20 (chunk 4/13) : 629
Total time elapsed: 2.06 s
Calling variants ...
Total processed positions in chr20 (chunk 8/13) : 1688
Total time elapsed: 2.71 s
Calling variants ...
Total processed positions in chr20 (chunk 11/13) : 1261
Total time elapsed: 2.19 s
Calling variants ...
Total processed positions in chr21 (chunk 1/10) : 0
Total time elapsed: 0.09 s
[INFO] No vcf output for file /hdd4/sines/specialtopicsinbioinformatics/hafsa.sines/variant_calling_pipeline/results/clair3/tmp/pileup_output/pileup_chr21_1.vcf, remove empty file
Calling variants ...
Total processed positions in chr20 (chunk 9/13) : 831
Total time elapsed: 2.59 s
Calling variants ...
Total processed positions in chr20 (chunk 10/13) : 859
Total time elapsed: 1.75 s
Calling variants ...
Total processed positions in chr20 (chunk 12/13) : 1175
Total time elapsed: 2.83 s
Calling variants ...
Total processed positions in chr20 (chunk 13/13) : 1111
Total time elapsed: 2.35 s
Calling variants ...
Total processed positions in chr21 (chunk 4/10) : 1045
Total time elapsed: 1.97 s
Calling variants ...
Total processed positions in chr21 (chunk 2/10) : 2800
Total time elapsed: 3.71 s
Calling variants ...
Total processed positions in chr20 (chunk 6/13) : 6140
Total time elapsed: 9.52 s
Calling variants ...
Total processed positions in chr22 (chunk 1/11) : 0
Total time elapsed: 0.11 s
[INFO] No vcf output for file /hdd4/sines/specialtopicsinbioinformatics/hafsa.sines/variant_calling_pipeline/results/clair3/tmp/pileup_output/pileup_chr22_1.vcf, remove empty file
Calling variants ...
Total processed positions in chr21 (chunk 8/10) : 881
Total time elapsed: 2.34 s
Calling variants ...
Total processed positions in chr21 (chunk 5/10) : 1196
Total time elapsed: 3.01 s
Calling variants ...
Total processed positions in chr20 (chunk 7/13) : 8456
Total time elapsed: 11.26 s
Calling variants ...
Total processed positions in chr21 (chunk 6/10) : 893
Total time elapsed: 2.25 s
Calling variants ...
Total processed positions in chr21 (chunk 7/10) : 1102
Total time elapsed: 2.48 s
Calling variants ...
Total processed positions in chr21 (chunk 9/10) : 930
Total time elapsed: 2.60 s
Calling variants ...
Total processed positions in chr22 (chunk 2/11) : 0
Total time elapsed: 0.17 s
[INFO] No vcf output for file /hdd4/sines/specialtopicsinbioinformatics/hafsa.sines/variant_calling_pipeline/results/clair3/tmp/pileup_output/pileup_chr22_2.vcf, remove empty file
Calling variants ...
Total processed positions in chr21 (chunk 3/10) : 6244
Total time elapsed: 8.16 s
Calling variants ...
Total processed positions in chr21 (chunk 10/10) : 1643
Total time elapsed: 3.07 s
Calling variants ...
Total processed positions in chr22 (chunk 5/11) : 449
Total time elapsed: 1.09 s
Calling variants ...
Total processed positions in chr22 (chunk 4/11) : 1286
Total time elapsed: 1.91 s
Calling variants ...
Total processed positions in chr22 (chunk 9/11) : 1137
Total time elapsed: 2.14 s
Calling variants ...
Total processed positions in chr22 (chunk 8/11) : 774
Total time elapsed: 2.05 s
Calling variants ...
Total processed positions in chr22 (chunk 6/11) : 1377
Total time elapsed: 3.05 s
Calling variants ...
Total processed positions in chrX (chunk 2/32) : 628
Total time elapsed: 1.08 s
Calling variants ...
Total processed positions in chr22 (chunk 11/11) : 855
Total time elapsed: 2.45 s
Calling variants ...
Total processed positions in chr22 (chunk 10/11) : 616
Total time elapsed: 2.26 s
Calling variants ...
Total processed positions in chr22 (chunk 7/11) : 846
Total time elapsed: 3.25 s
Calling variants ...
Total processed positions in chrX (chunk 1/32) : 547
Total time elapsed: 2.06 s
Calling variants ...
Total processed positions in chrX (chunk 3/32) : 126
Total time elapsed: 1.21 s
Calling variants ...
Total processed positions in chr22 (chunk 3/11) : 4486
Total time elapsed: 6.28 s
Calling variants ...
Total processed positions in chrX (chunk 4/32) : 369
Total time elapsed: 0.97 s
Calling variants ...
Total processed positions in chrX (chunk 5/32) : 229
Total time elapsed: 1.09 s
Calling variants ...
Total processed positions in chrX (chunk 6/32) : 401
Total time elapsed: 1.29 s
Calling variants ...
Total processed positions in chrX (chunk 11/32) : 55
Total time elapsed: 0.56 s
Calling variants ...
Total processed positions in chrX (chunk 7/32) : 47
Total time elapsed: 0.67 s
Calling variants ...
Total processed positions in chrX (chunk 8/32) : 131
Total time elapsed: 1.01 s
Calling variants ...
Total processed positions in chrX (chunk 14/32) : 59
Total time elapsed: 0.81 s
Calling variants ...
Total processed positions in chrX (chunk 9/32) : 226
Total time elapsed: 1.25 s
Calling variants ...
Total processed positions in chrX (chunk 15/32) : 52
Total time elapsed: 0.55 s
Calling variants ...
Total processed positions in chrX (chunk 10/32) : 235
Total time elapsed: 0.84 s
Calling variants ...
Total processed positions in chrX (chunk 13/32) : 285
Total time elapsed: 0.63 s
Calling variants ...
Total processed positions in chrX (chunk 12/32) : 98
Total time elapsed: 1.13 s
Calling variants ...
Total processed positions in chrX (chunk 16/32) : 134
Total time elapsed: 1.05 s
Calling variants ...
Total processed positions in chrX (chunk 17/32) : 208
Total time elapsed: 0.72 s
Calling variants ...
Total processed positions in chrX (chunk 18/32) : 297
Total time elapsed: 0.75 s
Calling variants ...
Total processed positions in chrX (chunk 19/32) : 72
Total time elapsed: 1.02 s
Calling variants ...
Total processed positions in chrX (chunk 24/32) : 558
Total time elapsed: 1.03 s
Calling variants ...
Total processed positions in chrX (chunk 21/32) : 311
Total time elapsed: 0.91 s
Calling variants ...
Total processed positions in chrX (chunk 20/32) : 451
Total time elapsed: 1.15 s
Calling variants ...
Total processed positions in chrX (chunk 22/32) : 106
Total time elapsed: 0.98 s
Calling variants ...
Total processed positions in chrX (chunk 23/32) : 167
Total time elapsed: 0.80 s
Calling variants ...
Total processed positions in chrX (chunk 26/32) : 224
Total time elapsed: 1.17 s
Calling variants ...
Total processed positions in chrX (chunk 27/32) : 192
Total time elapsed: 1.02 s
Calling variants ...
Total processed positions in chrX (chunk 25/32) : 674
Total time elapsed: 1.87 s
Calling variants ...
Total processed positions in chrX (chunk 29/32) : 147
Total time elapsed: 0.75 s
Calling variants ...
Total processed positions in chrX (chunk 30/32) : 675
Total time elapsed: 1.22 s
Calling variants ...
Total processed positions in chrX (chunk 28/32) : 821
Total time elapsed: 2.26 s
Calling variants ...
Total processed positions in chrX (chunk 31/32) : 454
Total time elapsed: 0.89 s
Calling variants ...
Total processed positions in chrY (chunk 1/12) : 25
Total time elapsed: 0.43 s
Calling variants ...
Total processed positions in chrX (chunk 32/32) : 488
Total time elapsed: 1.48 s
Calling variants ...
Total processed positions in chrY (chunk 5/12) : 195
Total time elapsed: 0.55 s
Calling variants ...
Total processed positions in chrY (chunk 2/12) : 186
Total time elapsed: 1.17 s
Calling variants ...
Total processed positions in chrY (chunk 4/12) : 139
Total time elapsed: 0.76 s
Calling variants ...
Total processed positions in chrY (chunk 8/12) : 0
Total time elapsed: 0.13 s
[INFO] No vcf output for file /hdd4/sines/specialtopicsinbioinformatics/hafsa.sines/variant_calling_pipeline/results/clair3/tmp/pileup_output/pileup_chrY_8.vcf, remove empty file
Calling variants ...
Total processed positions in chrY (chunk 7/12) : 0
Total time elapsed: 0.20 s
[INFO] No vcf output for file /hdd4/sines/specialtopicsinbioinformatics/hafsa.sines/variant_calling_pipeline/results/clair3/tmp/pileup_output/pileup_chrY_7.vcf, remove empty file
Calling variants ...
Total processed positions in chrY (chunk 9/12) : 0
Total time elapsed: 0.16 s
[INFO] No vcf output for file /hdd4/sines/specialtopicsinbioinformatics/hafsa.sines/variant_calling_pipeline/results/clair3/tmp/pileup_output/pileup_chrY_9.vcf, remove empty file
Calling variants ...
Total processed positions in chrY (chunk 11/12) : 0
Total time elapsed: 0.17 s
[INFO] No vcf output for file /hdd4/sines/specialtopicsinbioinformatics/hafsa.sines/variant_calling_pipeline/results/clair3/tmp/pileup_output/pileup_chrY_11.vcf, remove empty file
Calling variants ...
Total processed positions in chrY (chunk 10/12) : 0
Total time elapsed: 0.16 s
[INFO] No vcf output for file /hdd4/sines/specialtopicsinbioinformatics/hafsa.sines/variant_calling_pipeline/results/clair3/tmp/pileup_output/pileup_chrY_10.vcf, remove empty file
Calling variants ...
Total processed positions in chrY (chunk 6/12) : 2722
Total time elapsed: 3.15 s
Calling variants ...
Total processed positions in chr1_KI270710v1_random (chunk 1/1) : 0
Total time elapsed: 0.08 s
[INFO] No vcf output for file /hdd4/sines/specialtopicsinbioinformatics/hafsa.sines/variant_calling_pipeline/results/clair3/tmp/pileup_output/pileup_chr1_KI270710v1_random_1.vcf, remove empty file
Calling variants ...
Total processed positions in chrUn_KI270511v1 (chunk 1/1) : 0
Total time elapsed: 0.07 s
[INFO] No vcf output for file /hdd4/sines/specialtopicsinbioinformatics/hafsa.sines/variant_calling_pipeline/results/clair3/tmp/pileup_output/pileup_chrUn_KI270511v1_1.vcf, remove empty file
Calling variants ...
Total processed positions in chrUn_GL000218v1 (chunk 1/1) : 205
Total time elapsed: 0.58 s
Calling variants ...
Total processed positions in chr2_KI270716v1_random (chunk 1/1) : 0
Total time elapsed: 0.07 s
[INFO] No vcf output for file /hdd4/sines/specialtopicsinbioinformatics/hafsa.sines/variant_calling_pipeline/results/clair3/tmp/pileup_output/pileup_chr2_KI270716v1_random_1.vcf, remove empty file
Calling variants ...
Total processed positions in chr1_KI270707v1_random (chunk 1/1) : 0
Total time elapsed: 0.07 s
[INFO] No vcf output for file /hdd4/sines/specialtopicsinbioinformatics/hafsa.sines/variant_calling_pipeline/results/clair3/tmp/pileup_output/pileup_chr1_KI270707v1_random_1.vcf, remove empty file
Calling variants ...
Total processed positions in chrY (chunk 12/12) : 3001
Total time elapsed: 3.80 s
Calling variants ...
Total processed positions in chrUn_KI270518v1 (chunk 1/1) : 0
Total time elapsed: 0.06 s
[INFO] No vcf output for file /hdd4/sines/specialtopicsinbioinformatics/hafsa.sines/variant_calling_pipeline/results/clair3/tmp/pileup_output/pileup_chrUn_KI270518v1_1.vcf, remove empty file
Calling variants ...
Total processed positions in chr22_KI270737v1_random (chunk 1/1) : 0
Total time elapsed: 0.13 s
[INFO] No vcf output for file /hdd4/sines/specialtopicsinbioinformatics/hafsa.sines/variant_calling_pipeline/results/clair3/tmp/pileup_output/pileup_chr22_KI270737v1_random_1.vcf, remove empty file
Calling variants ...
Total processed positions in chr9_KI270719v1_random (chunk 1/1) : 15
Total time elapsed: 0.20 s
Calling variants ...
Total processed positions in chrUn_KI270754v1 (chunk 1/1) : 1327
Total time elapsed: 2.97 s
Calling variants ...
Total processed positions in chrY (chunk 3/12) : 9010
Total time elapsed: 10.03 s
Calling variants ...
Total processed positions in chr2_KI270715v1_random (chunk 1/1) : 0
Total time elapsed: 0.12 s
[INFO] No vcf output for file /hdd4/sines/specialtopicsinbioinformatics/hafsa.sines/variant_calling_pipeline/results/clair3/tmp/pileup_output/pileup_chr2_KI270715v1_random_1.vcf, remove empty file
Calling variants ...
Total processed positions in chrUn_KI270512v1 (chunk 1/1) : 0
Total time elapsed: 0.05 s
[INFO] No vcf output for file /hdd4/sines/specialtopicsinbioinformatics/hafsa.sines/variant_calling_pipeline/results/clair3/tmp/pileup_output/pileup_chrUn_KI270512v1_1.vcf, remove empty file
Calling variants ...
Total processed positions in chr17_GL000205v2_random (chunk 1/1) : 105
Total time elapsed: 0.21 s
Calling variants ...
Total processed positions in chr11_KI270721v1_random (chunk 1/1) : 10
Total time elapsed: 0.11 s
Calling variants ...
Total processed positions in chr1_KI270714v1_random (chunk 1/1) : 0
Total time elapsed: 0.06 s
[INFO] No vcf output for file /hdd4/sines/specialtopicsinbioinformatics/hafsa.sines/variant_calling_pipeline/results/clair3/tmp/pileup_output/pileup_chr1_KI270714v1_random_1.vcf, remove empty file
Calling variants ...
Total processed positions in chrUn_KI270756v1 (chunk 1/1) : 359
Total time elapsed: 0.70 s
Calling variants ...
Total processed positions in chrUn_KI270744v1 (chunk 1/1) : 1264
Total time elapsed: 1.82 s
Calling variants ...
Total processed positions in chrUn_GL000195v1 (chunk 1/1) : 983
Total time elapsed: 1.56 s
Calling variants ...
Total processed positions in chrUn_KI270753v1 (chunk 1/1) : 0
Total time elapsed: 0.05 s
[INFO] No vcf output for file /hdd4/sines/specialtopicsinbioinformatics/hafsa.sines/variant_calling_pipeline/results/clair3/tmp/pileup_output/pileup_chrUn_KI270753v1_1.vcf, remove empty file
Calling variants ...
Total processed positions in chrUn_KI270747v1 (chunk 1/1) : 493
Total time elapsed: 0.83 s
Calling variants ...
Total processed positions in chr22_KI270736v1_random (chunk 1/1) : 0
Total time elapsed: 0.13 s
[INFO] No vcf output for file /hdd4/sines/specialtopicsinbioinformatics/hafsa.sines/variant_calling_pipeline/results/clair3/tmp/pileup_output/pileup_chr22_KI270736v1_random_1.vcf, remove empty file
Calling variants ...
Total processed positions in chrUn_KI270438v1 (chunk 1/1) : 1188
Total time elapsed: 1.50 s
Calling variants ...
Total processed positions in chr4_GL000008v2_random (chunk 1/1) : 1319
Total time elapsed: 1.48 s
Calling variants ...
Total processed positions in chr22_KI270734v1_random (chunk 1/1) : 0
Total time elapsed: 0.13 s
[INFO] No vcf output for file /hdd4/sines/specialtopicsinbioinformatics/hafsa.sines/variant_calling_pipeline/results/clair3/tmp/pileup_output/pileup_chr22_KI270734v1_random_1.vcf, remove empty file
Calling variants ...
Total processed positions in chrUn_KI270517v1 (chunk 1/1) : 0
Total time elapsed: 0.06 s
[INFO] No vcf output for file /hdd4/sines/specialtopicsinbioinformatics/hafsa.sines/variant_calling_pipeline/results/clair3/tmp/pileup_output/pileup_chrUn_KI270517v1_1.vcf, remove empty file
Calling variants ...
Total processed positions in chrUn_GL000216v2 (chunk 1/1) : 4340
Total time elapsed: 4.70 s
Calling variants ...
Total processed positions in chrUn_KI270587v1 (chunk 1/1) : 0
Total time elapsed: 0.05 s
[INFO] No vcf output for file /hdd4/sines/specialtopicsinbioinformatics/hafsa.sines/variant_calling_pipeline/results/clair3/tmp/pileup_output/pileup_chrUn_KI270587v1_1.vcf, remove empty file
Calling variants ...
Total processed positions in chrUn_GL000213v1 (chunk 1/1) : 34
Total time elapsed: 0.10 s
Calling variants ...
Total processed positions in chrUn_KI270741v1 (chunk 1/1) : 0
Total time elapsed: 0.18 s
[INFO] No vcf output for file /hdd4/sines/specialtopicsinbioinformatics/hafsa.sines/variant_calling_pipeline/results/clair3/tmp/pileup_output/pileup_chrUn_KI270741v1_1.vcf, remove empty file
Calling variants ...
Total processed positions in chrUn_KI270589v1 (chunk 1/1) : 0
Total time elapsed: 0.07 s
[INFO] No vcf output for file /hdd4/sines/specialtopicsinbioinformatics/hafsa.sines/variant_calling_pipeline/results/clair3/tmp/pileup_output/pileup_chrUn_KI270589v1_1.vcf, remove empty file
Calling variants ...
Total processed positions in chrUn_KI270590v1 (chunk 1/1) : 169
Total time elapsed: 0.44 s
Calling variants ...
Total processed positions in chr17_KI270729v1_random (chunk 1/1) : 1511
Total time elapsed: 1.71 s
Calling variants ...
Total processed positions in chr1_KI270711v1_random (chunk 1/1) : 123
Total time elapsed: 0.34 s
Calling variants ...
Total processed positions in chrUn_GL000226v1 (chunk 1/1) : 598
Total time elapsed: 0.88 s
Calling variants ...
Total processed positions in chrUn_KI270507v1 (chunk 1/1) : 0
Total time elapsed: 0.09 s
[INFO] No vcf output for file /hdd4/sines/specialtopicsinbioinformatics/hafsa.sines/variant_calling_pipeline/results/clair3/tmp/pileup_output/pileup_chrUn_KI270507v1_1.vcf, remove empty file
Calling variants ...
Total processed positions in chr14_GL000225v1_random (chunk 1/1) : 11733
Total time elapsed: 15.43 s
Calling variants ...
Total processed positions in chrUn_KI270467v1 (chunk 1/1) : 1162
Total time elapsed: 1.24 s
Calling variants ...
Total processed positions in chrUn_GL000224v1 (chunk 1/1) : 1027
Total time elapsed: 1.12 s
Calling variants ...
Total processed positions in chrUn_KI270749v1 (chunk 1/1) : 188
Total time elapsed: 0.44 s
Calling variants ...
Total processed positions in chrUn_KI270466v1 (chunk 1/1) : 0
Total time elapsed: 0.11 s
[INFO] No vcf output for file /hdd4/sines/specialtopicsinbioinformatics/hafsa.sines/variant_calling_pipeline/results/clair3/tmp/pileup_output/pileup_chrUn_KI270466v1_1.vcf, remove empty file
Calling variants ...
Total processed positions in chrUn_KI270743v1 (chunk 1/1) : 61
Total time elapsed: 0.15 s
Calling variants ...
Total processed positions in chrUn_KI270742v1 (chunk 1/1) : 506
Total time elapsed: 0.98 s
Calling variants ...
Total processed positions in chr1_KI270713v1_random (chunk 1/1) : 100
Total time elapsed: 0.16 s
Calling variants ...
Total processed positions in chrUn_KI270538v1 (chunk 1/1) : 371
Total time elapsed: 0.43 s
Calling variants ...
Total processed positions in chrUn_GL000214v1 (chunk 1/1) : 802
Total time elapsed: 1.19 s
Calling variants ...
Total processed positions in chr22_KI270732v1_random (chunk 1/1) : 88
Total time elapsed: 0.21 s
Calling variants ...
Total processed positions in chrUn_KI270757v1 (chunk 1/1) : 1889
Total time elapsed: 2.68 s
Calling variants ...
Total processed positions in chr14_KI270724v1_random (chunk 1/1) : 540
Total time elapsed: 0.75 s
Calling variants ...
Total processed positions in chr16_KI270728v1_random (chunk 1/1) : 0
Total time elapsed: 0.23 s
[INFO] No vcf output for file /hdd4/sines/specialtopicsinbioinformatics/hafsa.sines/variant_calling_pipeline/results/clair3/tmp/pileup_output/pileup_chr16_KI270728v1_random_1.vcf, remove empty file
Calling variants ...
Total processed positions in chrUn_KI270411v1 (chunk 1/1) : 0
Total time elapsed: 0.13 s
[INFO] No vcf output for file /hdd4/sines/specialtopicsinbioinformatics/hafsa.sines/variant_calling_pipeline/results/clair3/tmp/pileup_output/pileup_chrUn_KI270411v1_1.vcf, remove empty file
Calling variants ...
Total processed positions in chrUn_KI270442v1 (chunk 1/1) : 5488
Total time elapsed: 5.60 s
Calling variants ...
Total processed positions in chr14_GL000194v1_random (chunk 1/1) : 655
Total time elapsed: 0.74 s
Calling variants ...
Total processed positions in chrY_KI270740v1_random (chunk 1/1) : 0
Total time elapsed: 0.13 s
[INFO] No vcf output for file /hdd4/sines/specialtopicsinbioinformatics/hafsa.sines/variant_calling_pipeline/results/clair3/tmp/pileup_output/pileup_chrY_KI270740v1_random_1.vcf, remove empty file
Calling variants ...
Total processed positions in chrUn_KI270311v1 (chunk 1/1) : 0
Total time elapsed: 0.05 s
[INFO] No vcf output for file /hdd4/sines/specialtopicsinbioinformatics/hafsa.sines/variant_calling_pipeline/results/clair3/tmp/pileup_output/pileup_chrUn_KI270311v1_1.vcf, remove empty file
Calling variants ...
Total processed positions in chr1_KI270708v1_random (chunk 1/1) : 0
Total time elapsed: 0.06 s
[INFO] No vcf output for file /hdd4/sines/specialtopicsinbioinformatics/hafsa.sines/variant_calling_pipeline/results/clair3/tmp/pileup_output/pileup_chr1_KI270708v1_random_1.vcf, remove empty file
Calling variants ...
Total processed positions in chrM (chunk 1/1) : 56
Total time elapsed: 0.22 s
Calling variants ...
Total processed positions in chr1_KI270712v1_random (chunk 1/1) : 14
Total time elapsed: 0.10 s
Calling variants ...
Total processed positions in chr14_KI270725v1_random (chunk 1/1) : 126
Total time elapsed: 0.34 s
Calling variants ...
Total processed positions in chrUn_KI270579v1 (chunk 1/1) : 0
Total time elapsed: 0.15 s
[INFO] No vcf output for file /hdd4/sines/specialtopicsinbioinformatics/hafsa.sines/variant_calling_pipeline/results/clair3/tmp/pileup_output/pileup_chrUn_KI270579v1_1.vcf, remove empty file
Calling variants ...
Total processed positions in chr1_KI270706v1_random (chunk 1/1) : 0
Total time elapsed: 0.12 s
[INFO] No vcf output for file /hdd4/sines/specialtopicsinbioinformatics/hafsa.sines/variant_calling_pipeline/results/clair3/tmp/pileup_output/pileup_chr1_KI270706v1_random_1.vcf, remove empty file
Calling variants ...
Total processed positions in chrUn_KI270435v1 (chunk 1/1) : 106
Total time elapsed: 0.17 s
Calling variants ...
Total processed positions in chrUn_GL000219v1 (chunk 1/1) : 0
Total time elapsed: 0.09 s
[INFO] No vcf output for file /hdd4/sines/specialtopicsinbioinformatics/hafsa.sines/variant_calling_pipeline/results/clair3/tmp/pileup_output/pileup_chrUn_GL000219v1_1.vcf, remove empty file
Calling variants ...
Total processed positions in chr22_KI270735v1_random (chunk 1/1) : 97
Total time elapsed: 0.16 s
Calling variants ...
Total processed positions in chr22_KI270738v1_random (chunk 1/1) : 0
Total time elapsed: 0.14 s
[INFO] No vcf output for file /hdd4/sines/specialtopicsinbioinformatics/hafsa.sines/variant_calling_pipeline/results/clair3/tmp/pileup_output/pileup_chr22_KI270738v1_random_1.vcf, remove empty file
Calling variants ...
Total processed positions in chrUn_KI270515v1 (chunk 1/1) : 424
Total time elapsed: 0.52 s
Calling variants ...
Total processed positions in chrUn_KI270745v1 (chunk 1/1) : 0
Total time elapsed: 0.14 s
[INFO] No vcf output for file /hdd4/sines/specialtopicsinbioinformatics/hafsa.sines/variant_calling_pipeline/results/clair3/tmp/pileup_output/pileup_chrUn_KI270745v1_1.vcf, remove empty file
Calling variants ...
Total processed positions in chrUn_KI270746v1 (chunk 1/1) : 144
Total time elapsed: 0.24 s
Calling variants ...
Total processed positions in chr9_KI270717v1_random (chunk 1/1) : 0
Total time elapsed: 0.13 s
[INFO] No vcf output for file /hdd4/sines/specialtopicsinbioinformatics/hafsa.sines/variant_calling_pipeline/results/clair3/tmp/pileup_output/pileup_chr9_KI270717v1_random_1.vcf, remove empty file
Calling variants ...
Total processed positions in chr22_KI270733v1_random (chunk 1/1) : 1995
Total time elapsed: 2.06 s
Calling variants ...
Total processed positions in chrUn_KI270750v1 (chunk 1/1) : 170
Total time elapsed: 0.29 s
Calling variants ...
Total processed positions in chr14_KI270723v1_random (chunk 1/1) : 2
Total time elapsed: 0.11 s
Calling variants ...
Total processed positions in chrUn_KI270336v1 (chunk 1/1) : 0
Total time elapsed: 0.05 s
[INFO] No vcf output for file /hdd4/sines/specialtopicsinbioinformatics/hafsa.sines/variant_calling_pipeline/results/clair3/tmp/pileup_output/pileup_chrUn_KI270336v1_1.vcf, remove empty file
Calling variants ...
Total processed positions in chrUn_KI270751v1 (chunk 1/1) : 358
Total time elapsed: 0.64 s
Calling variants ...
Total processed positions in chr3_GL000221v1_random (chunk 1/1) : 67
Total time elapsed: 0.33 s
Calling variants ...
Total processed positions in chrUn_KI270468v1 (chunk 1/1) : 0
Total time elapsed: 0.04 s
[INFO] No vcf output for file /hdd4/sines/specialtopicsinbioinformatics/hafsa.sines/variant_calling_pipeline/results/clair3/tmp/pileup_output/pileup_chrUn_KI270468v1_1.vcf, remove empty file
Calling variants ...
Total processed positions in chrUn_KI270516v1 (chunk 1/1) : 0
Total time elapsed: 0.05 s
[INFO] No vcf output for file /hdd4/sines/specialtopicsinbioinformatics/hafsa.sines/variant_calling_pipeline/results/clair3/tmp/pileup_output/pileup_chrUn_KI270516v1_1.vcf, remove empty file
Calling variants ...
Total processed positions in chrUn_KI270755v1 (chunk 1/1) : 0
Total time elapsed: 0.08 s
[INFO] No vcf output for file /hdd4/sines/specialtopicsinbioinformatics/hafsa.sines/variant_calling_pipeline/results/clair3/tmp/pileup_output/pileup_chrUn_KI270755v1_1.vcf, remove empty file
Calling variants ...
Total processed positions in chrUn_KI270519v1 (chunk 1/1) : 1533
Total time elapsed: 2.13 s
Calling variants ...
Total processed positions in chrUn_KI270337v1 (chunk 1/1) : 0
Total time elapsed: 0.04 s
[INFO] No vcf output for file /hdd4/sines/specialtopicsinbioinformatics/hafsa.sines/variant_calling_pipeline/results/clair3/tmp/pileup_output/pileup_chrUn_KI270337v1_1.vcf, remove empty file
Calling variants ...
Total processed positions in chr1_KI270709v1_random (chunk 1/1) : 1984
Total time elapsed: 2.13 s
Calling variants ...
Total processed positions in chrUn_GL000220v1 (chunk 1/1) : 838
Total time elapsed: 1.24 s
Calling variants ...
Total processed positions in chr9_KI270718v1_random (chunk 1/1) : 0
Total time elapsed: 0.10 s
[INFO] No vcf output for file /hdd4/sines/specialtopicsinbioinformatics/hafsa.sines/variant_calling_pipeline/results/clair3/tmp/pileup_output/pileup_chr9_KI270718v1_random_1.vcf, remove empty file
Calling variants ...
Total processed positions in chr22_KI270731v1_random (chunk 1/1) : 0
Total time elapsed: 0.13 s
[INFO] No vcf output for file /hdd4/sines/specialtopicsinbioinformatics/hafsa.sines/variant_calling_pipeline/results/clair3/tmp/pileup_output/pileup_chr22_KI270731v1_random_1.vcf, remove empty file
Calling variants ...
Total processed positions in chrUn_KI270588v1 (chunk 1/1) : 0
Total time elapsed: 0.05 s
[INFO] No vcf output for file /hdd4/sines/specialtopicsinbioinformatics/hafsa.sines/variant_calling_pipeline/results/clair3/tmp/pileup_output/pileup_chrUn_KI270588v1_1.vcf, remove empty file
Calling variants ...
Total processed positions in chrUn_KI270748v1 (chunk 1/1) : 0
Total time elapsed: 0.06 s
[INFO] No vcf output for file /hdd4/sines/specialtopicsinbioinformatics/hafsa.sines/variant_calling_pipeline/results/clair3/tmp/pileup_output/pileup_chrUn_KI270748v1_1.vcf, remove empty file
Calling variants ...
Total processed positions in chrUn_KI270333v1 (chunk 1/1) : 0
Total time elapsed: 0.05 s
[INFO] No vcf output for file /hdd4/sines/specialtopicsinbioinformatics/hafsa.sines/variant_calling_pipeline/results/clair3/tmp/pileup_output/pileup_chrUn_KI270333v1_1.vcf, remove empty file
Calling variants ...
Total processed positions in chrEBV (chunk 1/1) : 1332
Total time elapsed: 1.51 s
Calling variants ...
Total processed positions in chr5_GL000208v1_random (chunk 1/1) : 0
Total time elapsed: 0.12 s
[INFO] No vcf output for file /hdd4/sines/specialtopicsinbioinformatics/hafsa.sines/variant_calling_pipeline/results/clair3/tmp/pileup_output/pileup_chr5_GL000208v1_random_1.vcf, remove empty file
Calling variants ...
Total processed positions in chr9_KI270720v1_random (chunk 1/1) : 0
Total time elapsed: 0.06 s
[INFO] No vcf output for file /hdd4/sines/specialtopicsinbioinformatics/hafsa.sines/variant_calling_pipeline/results/clair3/tmp/pileup_output/pileup_chr9_KI270720v1_random_1.vcf, remove empty file
Calling variants ...
Total processed positions in chr17_KI270730v1_random (chunk 1/1) : 134
Total time elapsed: 0.22 s
Calling variants ...
Total processed positions in chr15_KI270727v1_random (chunk 1/1) : 0
Total time elapsed: 0.10 s
[INFO] No vcf output for file /hdd4/sines/specialtopicsinbioinformatics/hafsa.sines/variant_calling_pipeline/results/clair3/tmp/pileup_output/pileup_chr15_KI270727v1_random_1.vcf, remove empty file
Calling variants ...
Total processed positions in chr14_GL000009v2_random (chunk 1/1) : 511
Total time elapsed: 0.62 s
Calling variants ...
Total processed positions in chr14_KI270722v1_random (chunk 1/1) : 0
Total time elapsed: 0.08 s
[INFO] No vcf output for file /hdd4/sines/specialtopicsinbioinformatics/hafsa.sines/variant_calling_pipeline/results/clair3/tmp/pileup_output/pileup_chr14_KI270722v1_random_1.vcf, remove empty file
