[INFO] Select heterozygous pileup variants exceeding phasing quality cutoff 9
[INFO] Total heterozygous SNP positions selected: chr8: 2364
[INFO] Total heterozygous SNP positions selected: chr7: 2596
[INFO] Total heterozygous SNP positions selected: chr4: 4496
[INFO] Total heterozygous SNP positions selected: chr9: 2088
[INFO] Total heterozygous SNP positions selected: chr1: 3873
[INFO] Total heterozygous SNP positions selected: chr2: 3884
[INFO] Total heterozygous SNP positions selected: chr3: 2536
[INFO] Total heterozygous SNP positions selected: chr16: 1440
[INFO] Total heterozygous SNP positions selected: chr6: 2386
[INFO] Total heterozygous SNP positions selected: chr11: 1563
[INFO] Total heterozygous SNP positions selected: chr14: 1799
[INFO] Total heterozygous SNP positions selected: chr5: 2787
[INFO] Total heterozygous SNP positions selected: chr10: 2709
[INFO] Total heterozygous SNP positions selected: chr15: 1303
[INFO] Total heterozygous SNP positions selected: chr12: 1777
[INFO] Total heterozygous SNP positions selected: chr13: 1846
[INFO] Total heterozygous SNP positions selected: chr17: 1616
[INFO] Total heterozygous SNP positions selected: chr18: 1143
[INFO] Total heterozygous SNP positions selected: chr19: 1156
[INFO] Total heterozygous SNP positions selected: chr20: 2462
[INFO] Total heterozygous SNP positions selected: chrX: 326
[INFO] Total heterozygous SNP positions selected: chr21: 2868
[INFO] Total heterozygous SNP positions selected: chrY: 1561
[INFO] Total heterozygous SNP positions selected: chr1_KI270710v1_random: 0
[INFO] Total heterozygous SNP positions selected: chrUn_KI270754v1: 187
[INFO] Total heterozygous SNP positions selected: chrUn_KI270511v1: 0
[INFO] Total heterozygous SNP positions selected: chr22: 2005
[INFO] Total heterozygous SNP positions selected: chrUn_GL000218v1: 62
[INFO] Total heterozygous SNP positions selected: chr2_KI270716v1_random: 0
[INFO] Total heterozygous SNP positions selected: chr1_KI270707v1_random: 0
[INFO] Total heterozygous SNP positions selected: chr14_GL000225v1_random: 1381
[INFO] Total heterozygous SNP positions selected: chr22_KI270737v1_random: 0
[INFO] Total heterozygous SNP positions selected: chrUn_KI270518v1: 0
[INFO] Total heterozygous SNP positions selected: chr2_KI270715v1_random: 0
[INFO] Total heterozygous SNP positions selected: chr17_GL000205v2_random: 15
[INFO] Total heterozygous SNP positions selected: chr9_KI270719v1_random: 7
[INFO] Total heterozygous SNP positions selected: chrUn_GL000195v1: 132
[INFO] Total heterozygous SNP positions selected: chr1_KI270714v1_random: 0
[INFO] Total heterozygous SNP positions selected: chrUn_KI270512v1: 0
[INFO] Total heterozygous SNP positions selected: chrUn_KI270744v1: 360
[INFO] Total heterozygous SNP positions selected: chrUn_KI270747v1: 87
[INFO] Total heterozygous SNP positions selected: chrUn_KI270438v1: 200
[INFO] Total heterozygous SNP positions selected: chrUn_GL000216v2: 529
[INFO] Total heterozygous SNP positions selected: chr11_KI270721v1_random: 0
[INFO] Total heterozygous SNP positions selected: chr22_KI270736v1_random: 0
[INFO] Total heterozygous SNP positions selected: chrUn_KI270753v1: 0
[INFO] Total heterozygous SNP positions selected: chr22_KI270734v1_random: 0
[INFO] Total heterozygous SNP positions selected: chr4_GL000008v2_random: 420
[INFO] Total heterozygous SNP positions selected: chrUn_KI270756v1: 28
[INFO] Total heterozygous SNP positions selected: chrUn_GL000213v1: 0
[INFO] Total heterozygous SNP positions selected: chrUn_KI270587v1: 0
[INFO] Total heterozygous SNP positions selected: chrUn_KI270517v1: 0
[INFO] Total heterozygous SNP positions selected: chrUn_KI270741v1: 0
[INFO] Total heterozygous SNP positions selected: chr17_KI270729v1_random: 132
[INFO] Total heterozygous SNP positions selected: chr1_KI270711v1_random: 14
[INFO] Total heterozygous SNP positions selected: chrUn_KI270589v1: 0
[INFO] Total heterozygous SNP positions selected: chrUn_KI270590v1: 38
[INFO] Total heterozygous SNP positions selected: chrUn_KI270467v1: 70
[INFO] Total heterozygous SNP positions selected: chrUn_KI270507v1: 0
[INFO] Total heterozygous SNP positions selected: chrUn_GL000224v1: 135
[INFO] Total heterozygous SNP positions selected: chrUn_KI270442v1: 1222
[INFO] Total heterozygous SNP positions selected: chrUn_KI270749v1: 23
[INFO] Total heterozygous SNP positions selected: chrUn_KI270742v1: 186
[INFO] Total heterozygous SNP positions selected: chrUn_GL000226v1: 192
[INFO] Total heterozygous SNP positions selected: chrUn_KI270466v1: 0
[INFO] Total heterozygous SNP positions selected: chrUn_KI270743v1: 0
[INFO] Total heterozygous SNP positions selected: chrUn_KI270757v1: 331
[INFO] Total heterozygous SNP positions selected: chr1_KI270713v1_random: 23
[INFO] Total heterozygous SNP positions selected: chrUn_GL000214v1: 192
[INFO] Total heterozygous SNP positions selected: chr22_KI270732v1_random: 8
[INFO] Total heterozygous SNP positions selected: chr14_KI270724v1_random: 132
[INFO] Total heterozygous SNP positions selected: chr16_KI270728v1_random: 0
[INFO] Total heterozygous SNP positions selected: chrUn_KI270538v1: 59
[INFO] Total heterozygous SNP positions selected: chrUn_KI270411v1: 0
[INFO] Total heterozygous SNP positions selected: chr14_GL000194v1_random: 307
[INFO] Total heterozygous SNP positions selected: chrM: 1
[INFO] Total heterozygous SNP positions selected: chrUn_KI270311v1: 0
[INFO] Total heterozygous SNP positions selected: chrY_KI270740v1_random: 0
[INFO] Total heterozygous SNP positions selected: chr14_KI270725v1_random: 15
[INFO] Total heterozygous SNP positions selected: chr1_KI270708v1_random: 0
[INFO] Total heterozygous SNP positions selected: chrUn_KI270579v1: 0
[INFO] Total heterozygous SNP positions selected: chr1_KI270712v1_random: 3
[INFO] Total heterozygous SNP positions selected: chr1_KI270706v1_random: 0
[INFO] Total heterozygous SNP positions selected: chr22_KI270738v1_random: 0
[INFO] Total heterozygous SNP positions selected: chrUn_KI270745v1: 0
[INFO] Total heterozygous SNP positions selected: chrUn_GL000219v1: 0
[INFO] Total heterozygous SNP positions selected: chrUn_KI270746v1: 19
[INFO] Total heterozygous SNP positions selected: chrUn_KI270515v1: 75
[INFO] Total heterozygous SNP positions selected: chrUn_KI270435v1: 18
[INFO] Total heterozygous SNP positions selected: chr22_KI270735v1_random: 32
[INFO] Total heterozygous SNP positions selected: chr22_KI270733v1_random: 201
[INFO] Total heterozygous SNP positions selected: chr9_KI270717v1_random: 0
[INFO] Total heterozygous SNP positions selected: chrUn_KI270750v1: 28
[INFO] Total heterozygous SNP positions selected: chr14_KI270723v1_random: 0
[INFO] Total heterozygous SNP positions selected: chrUn_KI270751v1: 126
[INFO] Total heterozygous SNP positions selected: chrUn_KI270519v1: 74
[INFO] Total heterozygous SNP positions selected: chr1_KI270709v1_random: 365
[INFO] Total heterozygous SNP positions selected: chrUn_KI270336v1: 0
[INFO] Total heterozygous SNP positions selected: chrUn_KI270755v1: 0
[INFO] Total heterozygous SNP positions selected: chrUn_KI270468v1: 0
[INFO] Total heterozygous SNP positions selected: chr3_GL000221v1_random: 35
[INFO] Total heterozygous SNP positions selected: chrUn_KI270516v1: 0
[INFO] Total heterozygous SNP positions selected: chrUn_KI270588v1: 0
[INFO] Total heterozygous SNP positions selected: chr22_KI270731v1_random: 0
[INFO] Total heterozygous SNP positions selected: chrUn_GL000220v1: 82
[INFO] Total heterozygous SNP positions selected: chrUn_KI270337v1: 0
[INFO] Total heterozygous SNP positions selected: chr9_KI270718v1_random: 0
[INFO] Total heterozygous SNP positions selected: chrEBV: 3
[INFO] Total heterozygous SNP positions selected: chrUn_KI270748v1: 0
[INFO] Total heterozygous SNP positions selected: chr17_KI270730v1_random: 89
[INFO] Total heterozygous SNP positions selected: chr5_GL000208v1_random: 0
[INFO] Total heterozygous SNP positions selected: chr9_KI270720v1_random: 0
[INFO] Total heterozygous SNP positions selected: chrUn_KI270333v1: 0
[INFO] Total heterozygous SNP positions selected: chr15_KI270727v1_random: 0
[INFO] Total heterozygous SNP positions selected: chr14_GL000009v2_random: 130
[INFO] Total heterozygous SNP positions selected: chr14_KI270722v1_random: 0
