Calling variants ...
Total processed positions : 0
[93m[WARNING] No full-alignment output for file //hdd4/sines/specialtopicsinbioinformatics/hafsa.sines/variant_calling_pipeline/results/clair3/tmp/full_alignment_output/full_alignment_.vcf[0m
Total time elapsed: 0.00 s
[INFO] No vcf output for file /hdd4/sines/specialtopicsinbioinformatics/hafsa.sines/variant_calling_pipeline/results/clair3/tmp/full_alignment_output/full_alignment_.vcf, remove empty file
Calling variants ...
Total processed positions in chr14_GL000194v1_random (chunk 1/1) : 148
Total time elapsed: 0.77 s
Calling variants ...
Total processed positions in chr14_GL000009v2_random (chunk 1/1) : 152
Total time elapsed: 0.92 s
Calling variants ...
Total processed positions : 0
[93m[WARNING] No full-alignment output for file //hdd4/sines/specialtopicsinbioinformatics/hafsa.sines/variant_calling_pipeline/results/clair3/tmp/full_alignment_output/full_alignment_.vcf[0m
Total time elapsed: 0.00 s
[INFO] No vcf output for file /hdd4/sines/specialtopicsinbioinformatics/hafsa.sines/variant_calling_pipeline/results/clair3/tmp/full_alignment_output/full_alignment_.vcf, remove empty file
Calling variants ...
Total processed positions in chr14_KI270723v1_random (chunk 1/1) : 1
Total time elapsed: 0.02 s
Calling variants ...
Total processed positions in chr14_KI270724v1_random (chunk 1/1) : 157
Total time elapsed: 1.17 s
Calling variants ...
Total processed positions in chr10 (chunk 2/2) : 2608
Total time elapsed: 11.66 s
Calling variants ...
Total processed positions in chr14_KI270725v1_random (chunk 1/1) : 52
Total time elapsed: 0.55 s
Calling variants ...
Total processed positions : 0
[93m[WARNING] No full-alignment output for file //hdd4/sines/specialtopicsinbioinformatics/hafsa.sines/variant_calling_pipeline/results/clair3/tmp/full_alignment_output/full_alignment_.vcf[0m
Total time elapsed: 0.00 s
[INFO] No vcf output for file /hdd4/sines/specialtopicsinbioinformatics/hafsa.sines/variant_calling_pipeline/results/clair3/tmp/full_alignment_output/full_alignment_.vcf, remove empty file
Calling variants ...
Total processed positions : 0
[93m[WARNING] No full-alignment output for file //hdd4/sines/specialtopicsinbioinformatics/hafsa.sines/variant_calling_pipeline/results/clair3/tmp/full_alignment_output/full_alignment_.vcf[0m
Total time elapsed: 0.00 s
[INFO] No vcf output for file /hdd4/sines/specialtopicsinbioinformatics/hafsa.sines/variant_calling_pipeline/results/clair3/tmp/full_alignment_output/full_alignment_.vcf, remove empty file
Calling variants ...
Total processed positions in chr14_GL000225v1_random (chunk 1/1) : 3769
Total time elapsed: 23.30 s
Calling variants ...
Total processed positions in chr17_GL000205v2_random (chunk 1/1) : 35
Total time elapsed: 0.25 s
Calling variants ...
Total processed positions in chr17_KI270730v1_random (chunk 1/1) : 14
Total time elapsed: 0.11 s
Calling variants ...
Total processed positions in chr14 (chunk 1/1) : 6280
Total time elapsed: 30.03 s
Calling variants ...
Total processed positions in chr13 (chunk 1/1) : 6872
Total time elapsed: 33.15 s
Calling variants ...
Total processed positions in chr17_KI270729v1_random (chunk 1/1) : 531
Total time elapsed: 3.69 s
Calling variants ...
Total processed positions in chr11 (chunk 1/1) : 8793
Total time elapsed: 37.94 s
Calling variants ...
Total processed positions : 0
[93m[WARNING] No full-alignment output for file //hdd4/sines/specialtopicsinbioinformatics/hafsa.sines/variant_calling_pipeline/results/clair3/tmp/full_alignment_output/full_alignment_.vcf[0m
Total time elapsed: 0.00 s
[INFO] No vcf output for file /hdd4/sines/specialtopicsinbioinformatics/hafsa.sines/variant_calling_pipeline/results/clair3/tmp/full_alignment_output/full_alignment_.vcf, remove empty file
Calling variants ...
Total processed positions : 0
[93m[WARNING] No full-alignment output for file //hdd4/sines/specialtopicsinbioinformatics/hafsa.sines/variant_calling_pipeline/results/clair3/tmp/full_alignment_output/full_alignment_.vcf[0m
Total time elapsed: 0.00 s
[INFO] No vcf output for file /hdd4/sines/specialtopicsinbioinformatics/hafsa.sines/variant_calling_pipeline/results/clair3/tmp/full_alignment_output/full_alignment_.vcf, remove empty file
Calling variants ...
Total processed positions in chr1 (chunk 2/2) : 7598
Total time elapsed: 42.39 s
Calling variants ...
Total processed positions : 0
[93m[WARNING] No full-alignment output for file //hdd4/sines/specialtopicsinbioinformatics/hafsa.sines/variant_calling_pipeline/results/clair3/tmp/full_alignment_output/full_alignment_.vcf[0m
Total time elapsed: 0.00 s
[INFO] No vcf output for file /hdd4/sines/specialtopicsinbioinformatics/hafsa.sines/variant_calling_pipeline/results/clair3/tmp/full_alignment_output/full_alignment_.vcf, remove empty file
Calling variants ...
Total processed positions : 0
[93m[WARNING] No full-alignment output for file //hdd4/sines/specialtopicsinbioinformatics/hafsa.sines/variant_calling_pipeline/results/clair3/tmp/full_alignment_output/full_alignment_.vcf[0m
Total time elapsed: 0.00 s
[INFO] No vcf output for file /hdd4/sines/specialtopicsinbioinformatics/hafsa.sines/variant_calling_pipeline/results/clair3/tmp/full_alignment_output/full_alignment_.vcf, remove empty file
Calling variants ...
Total processed positions in chr12 (chunk 1/1) : 9267
Total time elapsed: 45.20 s
Calling variants ...
Total processed positions in chr15 (chunk 1/1) : 5572
Total time elapsed: 34.60 s
Calling variants ...
Total processed positions in chr1_KI270709v1_random (chunk 1/1) : 589
Total time elapsed: 4.36 s
Calling variants ...
Total processed positions in chr1_KI270711v1_random (chunk 1/1) : 47
Total time elapsed: 0.38 s
Calling variants ...
Total processed positions in chr1_KI270712v1_random (chunk 1/1) : 5
Total time elapsed: 0.11 s
Calling variants ...
Total processed positions in chr1_KI270713v1_random (chunk 1/1) : 26
Total time elapsed: 0.21 s
Calling variants ...
Total processed positions : 0
[93m[WARNING] No full-alignment output for file //hdd4/sines/specialtopicsinbioinformatics/hafsa.sines/variant_calling_pipeline/results/clair3/tmp/full_alignment_output/full_alignment_.vcf[0m
Total time elapsed: 0.00 s
[INFO] No vcf output for file /hdd4/sines/specialtopicsinbioinformatics/hafsa.sines/variant_calling_pipeline/results/clair3/tmp/full_alignment_output/full_alignment_.vcf, remove empty file
Calling variants ...
Total processed positions in chr10 (chunk 1/2) : 10000
Total time elapsed: 50.58 s
Calling variants ...
Total processed positions in chr16 (chunk 1/1) : 5522
Total time elapsed: 37.65 s
Calling variants ...
Total processed positions in chr17 (chunk 1/1) : 5927
Total time elapsed: 33.83 s
Calling variants ...
Total processed positions in chr18 (chunk 1/1) : 5017
Total time elapsed: 21.66 s
Calling variants ...
Total processed positions : 0
[93m[WARNING] No full-alignment output for file //hdd4/sines/specialtopicsinbioinformatics/hafsa.sines/variant_calling_pipeline/results/clair3/tmp/full_alignment_output/full_alignment_.vcf[0m
Total time elapsed: 0.00 s
[INFO] No vcf output for file /hdd4/sines/specialtopicsinbioinformatics/hafsa.sines/variant_calling_pipeline/results/clair3/tmp/full_alignment_output/full_alignment_.vcf, remove empty file
Calling variants ...
Total processed positions in chr1 (chunk 1/2) : 10000
Total time elapsed: 55.48 s
Calling variants ...
Total processed positions in chr22_KI270732v1_random (chunk 1/1) : 26
Total time elapsed: 0.21 s
Calling variants ...
Total processed positions in chr19 (chunk 1/1) : 3604
Total time elapsed: 21.18 s
Calling variants ...
Total processed positions : 0
[93m[WARNING] No full-alignment output for file //hdd4/sines/specialtopicsinbioinformatics/hafsa.sines/variant_calling_pipeline/results/clair3/tmp/full_alignment_output/full_alignment_.vcf[0m
Total time elapsed: 0.00 s
[INFO] No vcf output for file /hdd4/sines/specialtopicsinbioinformatics/hafsa.sines/variant_calling_pipeline/results/clair3/tmp/full_alignment_output/full_alignment_.vcf, remove empty file
Calling variants ...
Total processed positions in chr22_KI270733v1_random (chunk 1/1) : 262
Total time elapsed: 1.41 s
Calling variants ...
Total processed positions : 0
[93m[WARNING] No full-alignment output for file //hdd4/sines/specialtopicsinbioinformatics/hafsa.sines/variant_calling_pipeline/results/clair3/tmp/full_alignment_output/full_alignment_.vcf[0m
Total time elapsed: 0.00 s
[INFO] No vcf output for file /hdd4/sines/specialtopicsinbioinformatics/hafsa.sines/variant_calling_pipeline/results/clair3/tmp/full_alignment_output/full_alignment_.vcf, remove empty file
Calling variants ...
Total processed positions : 0
[93m[WARNING] No full-alignment output for file //hdd4/sines/specialtopicsinbioinformatics/hafsa.sines/variant_calling_pipeline/results/clair3/tmp/full_alignment_output/full_alignment_.vcf[0m
Total time elapsed: 0.00 s
[INFO] No vcf output for file /hdd4/sines/specialtopicsinbioinformatics/hafsa.sines/variant_calling_pipeline/results/clair3/tmp/full_alignment_output/full_alignment_.vcf, remove empty file
Calling variants ...
Total processed positions : 0
[93m[WARNING] No full-alignment output for file //hdd4/sines/specialtopicsinbioinformatics/hafsa.sines/variant_calling_pipeline/results/clair3/tmp/full_alignment_output/full_alignment_.vcf[0m
Total time elapsed: 0.00 s
[INFO] No vcf output for file /hdd4/sines/specialtopicsinbioinformatics/hafsa.sines/variant_calling_pipeline/results/clair3/tmp/full_alignment_output/full_alignment_.vcf, remove empty file
Calling variants ...
Total processed positions in chr22_KI270735v1_random (chunk 1/1) : 31
Total time elapsed: 0.25 s
Calling variants ...
Total processed positions : 0
[93m[WARNING] No full-alignment output for file //hdd4/sines/specialtopicsinbioinformatics/hafsa.sines/variant_calling_pipeline/results/clair3/tmp/full_alignment_output/full_alignment_.vcf[0m
Total time elapsed: 0.00 s
[INFO] No vcf output for file /hdd4/sines/specialtopicsinbioinformatics/hafsa.sines/variant_calling_pipeline/results/clair3/tmp/full_alignment_output/full_alignment_.vcf, remove empty file
Calling variants ...
Total processed positions : 0
[93m[WARNING] No full-alignment output for file //hdd4/sines/specialtopicsinbioinformatics/hafsa.sines/variant_calling_pipeline/results/clair3/tmp/full_alignment_output/full_alignment_.vcf[0m
Total time elapsed: 0.00 s
[INFO] No vcf output for file /hdd4/sines/specialtopicsinbioinformatics/hafsa.sines/variant_calling_pipeline/results/clair3/tmp/full_alignment_output/full_alignment_.vcf, remove empty file
Calling variants ...
Total processed positions in chr3_GL000221v1_random (chunk 1/1) : 14
Total time elapsed: 0.15 s
Calling variants ...
Total processed positions in chr4_GL000008v2_random (chunk 1/1) : 476
Total time elapsed: 2.03 s
Calling variants ...
Total processed positions in chr22 (chunk 1/1) : 3546
Total time elapsed: 16.83 s
Calling variants ...
Total processed positions in chr21 (chunk 1/1) : 4934
Total time elapsed: 20.07 s
Calling variants ...
Total processed positions : 0
[93m[WARNING] No full-alignment output for file //hdd4/sines/specialtopicsinbioinformatics/hafsa.sines/variant_calling_pipeline/results/clair3/tmp/full_alignment_output/full_alignment_.vcf[0m
Total time elapsed: 0.00 s
[INFO] No vcf output for file /hdd4/sines/specialtopicsinbioinformatics/hafsa.sines/variant_calling_pipeline/results/clair3/tmp/full_alignment_output/full_alignment_.vcf, remove empty file
Calling variants ...
Total processed positions in chr2 (chunk 2/2) : 6528
Total time elapsed: 27.18 s
Calling variants ...
Total processed positions in chr5 (chunk 2/2) : 1906
Total time elapsed: 9.22 s
Calling variants ...
Total processed positions in chr6 (chunk 2/2) : 1087
Total time elapsed: 6.67 s
Calling variants ...
Total processed positions in chr3 (chunk 2/2) : 2978
Total time elapsed: 22.23 s
Calling variants ...
Total processed positions in chr7 (chunk 2/2) : 843
Total time elapsed: 5.23 s
Calling variants ...
Total processed positions in chr20 (chunk 1/1) : 6884
Total time elapsed: 37.59 s
Calling variants ...
Total processed positions : 0
[93m[WARNING] No full-alignment output for file //hdd4/sines/specialtopicsinbioinformatics/hafsa.sines/variant_calling_pipeline/results/clair3/tmp/full_alignment_output/full_alignment_.vcf[0m
Total time elapsed: 0.00 s
[INFO] No vcf output for file /hdd4/sines/specialtopicsinbioinformatics/hafsa.sines/variant_calling_pipeline/results/clair3/tmp/full_alignment_output/full_alignment_.vcf, remove empty file
Calling variants ...
Total processed positions in chr2 (chunk 1/2) : 10000
Total time elapsed: 44.77 s
Calling variants ...
Total processed positions : 0
[93m[WARNING] No full-alignment output for file //hdd4/sines/specialtopicsinbioinformatics/hafsa.sines/variant_calling_pipeline/results/clair3/tmp/full_alignment_output/full_alignment_.vcf[0m
Total time elapsed: 0.00 s
[INFO] No vcf output for file /hdd4/sines/specialtopicsinbioinformatics/hafsa.sines/variant_calling_pipeline/results/clair3/tmp/full_alignment_output/full_alignment_.vcf, remove empty file
Calling variants ...
Total processed positions in chr9_KI270719v1_random (chunk 1/1) : 5
Total time elapsed: 0.05 s
Calling variants ...
Total processed positions : 0
[93m[WARNING] No full-alignment output for file //hdd4/sines/specialtopicsinbioinformatics/hafsa.sines/variant_calling_pipeline/results/clair3/tmp/full_alignment_output/full_alignment_.vcf[0m
Total time elapsed: 0.00 s
[INFO] No vcf output for file /hdd4/sines/specialtopicsinbioinformatics/hafsa.sines/variant_calling_pipeline/results/clair3/tmp/full_alignment_output/full_alignment_.vcf, remove empty file
Calling variants ...
Total processed positions in chrM (chunk 1/1) : 1
Total time elapsed: 0.06 s
Calling variants ...
Total processed positions in chrEBV (chunk 1/1) : 147
Total time elapsed: 0.91 s
Calling variants ...
Total processed positions in chrUn_GL000195v1 (chunk 1/1) : 335
Total time elapsed: 2.20 s
Calling variants ...
Total processed positions in chrUn_GL000213v1 (chunk 1/1) : 14
Total time elapsed: 0.14 s
Calling variants ...
Total processed positions in chrUn_GL000214v1 (chunk 1/1) : 130
Total time elapsed: 1.03 s
Calling variants ...
Total processed positions in chrUn_GL000218v1 (chunk 1/1) : 32
Total time elapsed: 0.29 s
Calling variants ...
Total processed positions in chr4 (chunk 2/2) : 8494
Total time elapsed: 42.98 s
Calling variants ...
Total processed positions : 0
[93m[WARNING] No full-alignment output for file //hdd4/sines/specialtopicsinbioinformatics/hafsa.sines/variant_calling_pipeline/results/clair3/tmp/full_alignment_output/full_alignment_.vcf[0m
Total time elapsed: 0.00 s
[INFO] No vcf output for file /hdd4/sines/specialtopicsinbioinformatics/hafsa.sines/variant_calling_pipeline/results/clair3/tmp/full_alignment_output/full_alignment_.vcf, remove empty file
Calling variants ...
Total processed positions in chr4 (chunk 1/2) : 10000
Total time elapsed: 46.70 s
Calling variants ...
Total processed positions in chrUn_GL000220v1 (chunk 1/1) : 233
Total time elapsed: 1.00 s
Calling variants ...
Total processed positions : 0
[93m[WARNING] No full-alignment output for file //hdd4/sines/specialtopicsinbioinformatics/hafsa.sines/variant_calling_pipeline/results/clair3/tmp/full_alignment_output/full_alignment_.vcf[0m
Total time elapsed: 0.00 s
[INFO] No vcf output for file /hdd4/sines/specialtopicsinbioinformatics/hafsa.sines/variant_calling_pipeline/results/clair3/tmp/full_alignment_output/full_alignment_.vcf, remove empty file
Calling variants ...
Total processed positions in chrUn_GL000224v1 (chunk 1/1) : 213
Total time elapsed: 1.99 s
Calling variants ...
Total processed positions in chrUn_GL000226v1 (chunk 1/1) : 171
Total time elapsed: 1.23 s
Calling variants ...
Total processed positions in chrUn_GL000216v2 (chunk 1/1) : 1610
Total time elapsed: 10.74 s
Calling variants ...
Total processed positions : 0
[93m[WARNING] No full-alignment output for file //hdd4/sines/specialtopicsinbioinformatics/hafsa.sines/variant_calling_pipeline/results/clair3/tmp/full_alignment_output/full_alignment_.vcf[0m
Total time elapsed: 0.00 s
[INFO] No vcf output for file /hdd4/sines/specialtopicsinbioinformatics/hafsa.sines/variant_calling_pipeline/results/clair3/tmp/full_alignment_output/full_alignment_.vcf, remove empty file
Calling variants ...
Total processed positions in chr3 (chunk 1/2) : 10000
Total time elapsed: 54.19 s
Calling variants ...
Total processed positions : 0
[93m[WARNING] No full-alignment output for file //hdd4/sines/specialtopicsinbioinformatics/hafsa.sines/variant_calling_pipeline/results/clair3/tmp/full_alignment_output/full_alignment_.vcf[0m
Total time elapsed: 0.00 s
[INFO] No vcf output for file /hdd4/sines/specialtopicsinbioinformatics/hafsa.sines/variant_calling_pipeline/results/clair3/tmp/full_alignment_output/full_alignment_.vcf, remove empty file
Calling variants ...
Total processed positions : 0
[93m[WARNING] No full-alignment output for file //hdd4/sines/specialtopicsinbioinformatics/hafsa.sines/variant_calling_pipeline/results/clair3/tmp/full_alignment_output/full_alignment_.vcf[0m
Total time elapsed: 0.00 s
[INFO] No vcf output for file /hdd4/sines/specialtopicsinbioinformatics/hafsa.sines/variant_calling_pipeline/results/clair3/tmp/full_alignment_output/full_alignment_.vcf, remove empty file
Calling variants ...
Total processed positions : 0
[93m[WARNING] No full-alignment output for file //hdd4/sines/specialtopicsinbioinformatics/hafsa.sines/variant_calling_pipeline/results/clair3/tmp/full_alignment_output/full_alignment_.vcf[0m
Total time elapsed: 0.00 s
[INFO] No vcf output for file /hdd4/sines/specialtopicsinbioinformatics/hafsa.sines/variant_calling_pipeline/results/clair3/tmp/full_alignment_output/full_alignment_.vcf, remove empty file
Calling variants ...
Total processed positions in chr5 (chunk 1/2) : 10000
Total time elapsed: 53.26 s
Calling variants ...
Total processed positions in chrUn_KI270438v1 (chunk 1/1) : 212
Total time elapsed: 0.94 s
Calling variants ...
Total processed positions in chrUn_KI270435v1 (chunk 1/1) : 27
Total time elapsed: 0.20 s
Calling variants ...
Total processed positions : 0
[93m[WARNING] No full-alignment output for file //hdd4/sines/specialtopicsinbioinformatics/hafsa.sines/variant_calling_pipeline/results/clair3/tmp/full_alignment_output/full_alignment_.vcf[0m
Total time elapsed: 0.00 s
[INFO] No vcf output for file /hdd4/sines/specialtopicsinbioinformatics/hafsa.sines/variant_calling_pipeline/results/clair3/tmp/full_alignment_output/full_alignment_.vcf, remove empty file
Calling variants ...
Total processed positions in chrUn_KI270467v1 (chunk 1/1) : 195
Total time elapsed: 0.84 s
Calling variants ...
Total processed positions : 0
[93m[WARNING] No full-alignment output for file //hdd4/sines/specialtopicsinbioinformatics/hafsa.sines/variant_calling_pipeline/results/clair3/tmp/full_alignment_output/full_alignment_.vcf[0m
Total time elapsed: 0.00 s
[INFO] No vcf output for file /hdd4/sines/specialtopicsinbioinformatics/hafsa.sines/variant_calling_pipeline/results/clair3/tmp/full_alignment_output/full_alignment_.vcf, remove empty file
Calling variants ...
Total processed positions : 0
[93m[WARNING] No full-alignment output for file //hdd4/sines/specialtopicsinbioinformatics/hafsa.sines/variant_calling_pipeline/results/clair3/tmp/full_alignment_output/full_alignment_.vcf[0m
Total time elapsed: 0.00 s
[INFO] No vcf output for file /hdd4/sines/specialtopicsinbioinformatics/hafsa.sines/variant_calling_pipeline/results/clair3/tmp/full_alignment_output/full_alignment_.vcf, remove empty file
Calling variants ...
Total processed positions : 0
[93m[WARNING] No full-alignment output for file //hdd4/sines/specialtopicsinbioinformatics/hafsa.sines/variant_calling_pipeline/results/clair3/tmp/full_alignment_output/full_alignment_.vcf[0m
Total time elapsed: 0.00 s
[INFO] No vcf output for file /hdd4/sines/specialtopicsinbioinformatics/hafsa.sines/variant_calling_pipeline/results/clair3/tmp/full_alignment_output/full_alignment_.vcf, remove empty file
Calling variants ...
Total processed positions in chr8 (chunk 1/1) : 9226
Total time elapsed: 41.87 s
Calling variants ...
Total processed positions : 0
[93m[WARNING] No full-alignment output for file //hdd4/sines/specialtopicsinbioinformatics/hafsa.sines/variant_calling_pipeline/results/clair3/tmp/full_alignment_output/full_alignment_.vcf[0m
Total time elapsed: 0.00 s
[INFO] No vcf output for file /hdd4/sines/specialtopicsinbioinformatics/hafsa.sines/variant_calling_pipeline/results/clair3/tmp/full_alignment_output/full_alignment_.vcf, remove empty file
Calling variants ...
Total processed positions in chrUn_KI270515v1 (chunk 1/1) : 206
Total time elapsed: 1.22 s
Calling variants ...
Total processed positions : 0
[93m[WARNING] No full-alignment output for file //hdd4/sines/specialtopicsinbioinformatics/hafsa.sines/variant_calling_pipeline/results/clair3/tmp/full_alignment_output/full_alignment_.vcf[0m
Total time elapsed: 0.00 s
[INFO] No vcf output for file /hdd4/sines/specialtopicsinbioinformatics/hafsa.sines/variant_calling_pipeline/results/clair3/tmp/full_alignment_output/full_alignment_.vcf, remove empty file
Calling variants ...
Total processed positions : 0
[93m[WARNING] No full-alignment output for file //hdd4/sines/specialtopicsinbioinformatics/hafsa.sines/variant_calling_pipeline/results/clair3/tmp/full_alignment_output/full_alignment_.vcf[0m
Total time elapsed: 0.00 s
[INFO] No vcf output for file /hdd4/sines/specialtopicsinbioinformatics/hafsa.sines/variant_calling_pipeline/results/clair3/tmp/full_alignment_output/full_alignment_.vcf, remove empty file
Calling variants ...
Total processed positions : 0
[93m[WARNING] No full-alignment output for file //hdd4/sines/specialtopicsinbioinformatics/hafsa.sines/variant_calling_pipeline/results/clair3/tmp/full_alignment_output/full_alignment_.vcf[0m
Total time elapsed: 0.00 s
[INFO] No vcf output for file /hdd4/sines/specialtopicsinbioinformatics/hafsa.sines/variant_calling_pipeline/results/clair3/tmp/full_alignment_output/full_alignment_.vcf, remove empty file
Calling variants ...
Total processed positions in chr6 (chunk 1/2) : 10000
Total time elapsed: 54.58 s
Calling variants ...
Total processed positions in chrUn_KI270442v1 (chunk 1/1) : 2090
Total time elapsed: 9.24 s
Calling variants ...
Total processed positions : 0
[93m[WARNING] No full-alignment output for file //hdd4/sines/specialtopicsinbioinformatics/hafsa.sines/variant_calling_pipeline/results/clair3/tmp/full_alignment_output/full_alignment_.vcf[0m
Total time elapsed: 0.00 s
[INFO] No vcf output for file /hdd4/sines/specialtopicsinbioinformatics/hafsa.sines/variant_calling_pipeline/results/clair3/tmp/full_alignment_output/full_alignment_.vcf, remove empty file
Calling variants ...
Total processed positions : 0
[93m[WARNING] No full-alignment output for file //hdd4/sines/specialtopicsinbioinformatics/hafsa.sines/variant_calling_pipeline/results/clair3/tmp/full_alignment_output/full_alignment_.vcf[0m
Total time elapsed: 0.00 s
[INFO] No vcf output for file /hdd4/sines/specialtopicsinbioinformatics/hafsa.sines/variant_calling_pipeline/results/clair3/tmp/full_alignment_output/full_alignment_.vcf, remove empty file
Calling variants ...
Total processed positions in chrUn_KI270538v1 (chunk 1/1) : 140
Total time elapsed: 0.60 s
Calling variants ...
Total processed positions in chr7 (chunk 1/2) : 10000
Total time elapsed: 54.87 s
Calling variants ...
Total processed positions : 0
[93m[WARNING] No full-alignment output for file //hdd4/sines/specialtopicsinbioinformatics/hafsa.sines/variant_calling_pipeline/results/clair3/tmp/full_alignment_output/full_alignment_.vcf[0m
Total time elapsed: 0.00 s
[INFO] No vcf output for file /hdd4/sines/specialtopicsinbioinformatics/hafsa.sines/variant_calling_pipeline/results/clair3/tmp/full_alignment_output/full_alignment_.vcf, remove empty file
Calling variants ...
Total processed positions in chrUn_KI270519v1 (chunk 1/1) : 640
Total time elapsed: 3.55 s
Calling variants ...
Total processed positions in chr9 (chunk 1/1) : 8575
Total time elapsed: 44.48 s
Calling variants ...
Total processed positions : 0
[93m[WARNING] No full-alignment output for file //hdd4/sines/specialtopicsinbioinformatics/hafsa.sines/variant_calling_pipeline/results/clair3/tmp/full_alignment_output/full_alignment_.vcf[0m
Total time elapsed: 0.00 s
[INFO] No vcf output for file /hdd4/sines/specialtopicsinbioinformatics/hafsa.sines/variant_calling_pipeline/results/clair3/tmp/full_alignment_output/full_alignment_.vcf, remove empty file
Calling variants ...
Total processed positions in chrUn_KI270590v1 (chunk 1/1) : 75
Total time elapsed: 0.28 s
Calling variants ...
Total processed positions : 0
[93m[WARNING] No full-alignment output for file //hdd4/sines/specialtopicsinbioinformatics/hafsa.sines/variant_calling_pipeline/results/clair3/tmp/full_alignment_output/full_alignment_.vcf[0m
Total time elapsed: 0.00 s
[INFO] No vcf output for file /hdd4/sines/specialtopicsinbioinformatics/hafsa.sines/variant_calling_pipeline/results/clair3/tmp/full_alignment_output/full_alignment_.vcf, remove empty file
Calling variants ...
Total processed positions in chrUn_KI270742v1 (chunk 1/1) : 106
Total time elapsed: 0.93 s
Calling variants ...
Total processed positions in chrUn_KI270743v1 (chunk 1/1) : 14
Total time elapsed: 0.15 s
Calling variants ...
Total processed positions in chrUn_KI270746v1 (chunk 1/1) : 53
Total time elapsed: 0.23 s
Calling variants ...
Total processed positions in chrUn_KI270747v1 (chunk 1/1) : 189
Total time elapsed: 0.71 s
Calling variants ...
Total processed positions in chrUn_KI270744v1 (chunk 1/1) : 338
Total time elapsed: 1.24 s
Calling variants ...
Total processed positions : 0
[93m[WARNING] No full-alignment output for file //hdd4/sines/specialtopicsinbioinformatics/hafsa.sines/variant_calling_pipeline/results/clair3/tmp/full_alignment_output/full_alignment_.vcf[0m
Total time elapsed: 0.00 s
[INFO] No vcf output for file /hdd4/sines/specialtopicsinbioinformatics/hafsa.sines/variant_calling_pipeline/results/clair3/tmp/full_alignment_output/full_alignment_.vcf, remove empty file
Calling variants ...
Total processed positions : 0
[93m[WARNING] No full-alignment output for file //hdd4/sines/specialtopicsinbioinformatics/hafsa.sines/variant_calling_pipeline/results/clair3/tmp/full_alignment_output/full_alignment_.vcf[0m
Total time elapsed: 0.00 s
[INFO] No vcf output for file /hdd4/sines/specialtopicsinbioinformatics/hafsa.sines/variant_calling_pipeline/results/clair3/tmp/full_alignment_output/full_alignment_.vcf, remove empty file
Calling variants ...
Total processed positions in chrUn_KI270751v1 (chunk 1/1) : 131
Total time elapsed: 0.51 s
Calling variants ...
Total processed positions in chrUn_KI270749v1 (chunk 1/1) : 51
Total time elapsed: 0.22 s
Calling variants ...
Total processed positions in chrUn_KI270750v1 (chunk 1/1) : 43
Total time elapsed: 0.21 s
Calling variants ...
Total processed positions : 0
[93m[WARNING] No full-alignment output for file //hdd4/sines/specialtopicsinbioinformatics/hafsa.sines/variant_calling_pipeline/results/clair3/tmp/full_alignment_output/full_alignment_.vcf[0m
Total time elapsed: 0.00 s
[INFO] No vcf output for file /hdd4/sines/specialtopicsinbioinformatics/hafsa.sines/variant_calling_pipeline/results/clair3/tmp/full_alignment_output/full_alignment_.vcf, remove empty file
Calling variants ...
Total processed positions : 0
[93m[WARNING] No full-alignment output for file //hdd4/sines/specialtopicsinbioinformatics/hafsa.sines/variant_calling_pipeline/results/clair3/tmp/full_alignment_output/full_alignment_.vcf[0m
Total time elapsed: 0.00 s
[INFO] No vcf output for file /hdd4/sines/specialtopicsinbioinformatics/hafsa.sines/variant_calling_pipeline/results/clair3/tmp/full_alignment_output/full_alignment_.vcf, remove empty file
Calling variants ...
Total processed positions in chrUn_KI270754v1 (chunk 1/1) : 517
Total time elapsed: 1.81 s
Calling variants ...
Total processed positions in chrUn_KI270756v1 (chunk 1/1) : 90
Total time elapsed: 0.60 s
Calling variants ...
Total processed positions : 0
[93m[WARNING] No full-alignment output for file //hdd4/sines/specialtopicsinbioinformatics/hafsa.sines/variant_calling_pipeline/results/clair3/tmp/full_alignment_output/full_alignment_.vcf[0m
Total time elapsed: 0.00 s
[INFO] No vcf output for file /hdd4/sines/specialtopicsinbioinformatics/hafsa.sines/variant_calling_pipeline/results/clair3/tmp/full_alignment_output/full_alignment_.vcf, remove empty file
Calling variants ...
Total processed positions in chrUn_KI270757v1 (chunk 1/1) : 807
Total time elapsed: 2.93 s
Calling variants ...
Total processed positions in chrX (chunk 1/1) : 2787
Total time elapsed: 10.23 s
Calling variants ...
Total processed positions in chrY (chunk 1/1) : 4124
Total time elapsed: 14.10 s
