[INFO] Pileup variants processed in chr6: 6699
[INFO] Full-alignment variants processed in chr6: 3660
[INFO] Pileup variants processed in chr8: 5765
[INFO] Full-alignment variants processed in chr8: 2743
[INFO] Pileup variants processed in chr11: 4903
[INFO] Full-alignment variants processed in chr11: 2700
[INFO] Pileup variants processed in chr1: 10423
[INFO] Full-alignment variants processed in chr1: 4971
[INFO] Pileup variants processed in chr4: 11441
[INFO] Full-alignment variants processed in chr4: 4807
[INFO] Pileup variants processed in chr12: 5535
[INFO] Full-alignment variants processed in chr12: 2851
[INFO] Pileup variants processed in chr5: 7050
[INFO] Full-alignment variants processed in chr5: 3540
[INFO] Pileup variants processed in chr9: 5581
[INFO] Full-alignment variants processed in chr9: 2728
[INFO] Pileup variants processed in chr2: 9726
[INFO] Full-alignment variants processed in chr2: 4907
[INFO] Pileup variants processed in chr3: 7280
[INFO] Full-alignment variants processed in chr3: 3962
[INFO] Pileup variants processed in chr13: 4786
[INFO] Full-alignment variants processed in chr13: 2081
[INFO] Pileup variants processed in chr16: 3443
[INFO] Full-alignment variants processed in chr16: 1742
[INFO] Pileup variants processed in chr7: 6737
[INFO] Full-alignment variants processed in chr7: 3483
[INFO] Pileup variants processed in chr14: 4190
[INFO] Full-alignment variants processed in chr14: 2139
[INFO] Pileup variants processed in chr15: 3389
[INFO] Full-alignment variants processed in chr15: 1875
[INFO] Pileup variants processed in chr10: 7349
[INFO] Full-alignment variants processed in chr10: 3396
[INFO] Pileup variants processed in chr17: 4366
[INFO] Full-alignment variants processed in chr17: 2128
[INFO] Pileup variants processed in chr19: 2409
[INFO] Full-alignment variants processed in chr19: 1309
[INFO] Pileup variants processed in chr20: 5853
[INFO] Full-alignment variants processed in chr20: 2099
[INFO] Pileup variants processed in chr21: 4852
[INFO] Full-alignment variants processed in chr21: 1870
[INFO] Pileup variants processed in chrX: 1388
[INFO] Full-alignment variants processed in chrX: 690
[INFO] Pileup variants processed in chrUn_KI270511v1: 0
[INFO] Full-alignment variants processed in chrUn_KI270511v1: 0
[INFO] Pileup variants processed in chr18: 3343
[INFO] Full-alignment variants processed in chr18: 1663
[INFO] Pileup variants processed in chrUn_GL000218v1: 67
[INFO] Full-alignment variants processed in chrUn_GL000218v1: 10
[INFO] Pileup variants processed in chr1_KI270707v1_random: 0
[INFO] Full-alignment variants processed in chr1_KI270707v1_random: 0
[INFO] Pileup variants processed in chr22: 3688
[INFO] Full-alignment variants processed in chr22: 1269
[INFO] Pileup variants processed in chrY: 4136
[INFO] Full-alignment variants processed in chrY: 733
[INFO] Pileup variants processed in chr2_KI270716v1_random: 0
[INFO] Full-alignment variants processed in chr2_KI270716v1_random: 0
[INFO] Pileup variants processed in chr1_KI270710v1_random: 0
[INFO] Full-alignment variants processed in chr1_KI270710v1_random: 0
[INFO] Pileup variants processed in chrUn_KI270754v1: 465
[INFO] Full-alignment variants processed in chrUn_KI270754v1: 257
[INFO] Pileup variants processed in chr22_KI270737v1_random: 0
[INFO] Full-alignment variants processed in chr22_KI270737v1_random: 0
[INFO] Pileup variants processed in chr14_GL000225v1_random: 3500
[INFO] Full-alignment variants processed in chr14_GL000225v1_random: 850
[INFO] Pileup variants processed in chr17_GL000205v2_random: 37
[INFO] Full-alignment variants processed in chr17_GL000205v2_random: 14
[INFO] Pileup variants processed in chrUn_KI270512v1: 0
[INFO] Full-alignment variants processed in chrUn_KI270512v1: 0
[INFO] Pileup variants processed in chrUn_KI270518v1: 0
[INFO] Full-alignment variants processed in chrUn_KI270518v1: 0
[INFO] Pileup variants processed in chr9_KI270719v1_random: 8
[INFO] Full-alignment variants processed in chr9_KI270719v1_random: 4
[INFO] Pileup variants processed in chr11_KI270721v1_random: 2
[INFO] Full-alignment variants processed in chr11_KI270721v1_random: 0
[INFO] Pileup variants processed in chrUn_KI270744v1: 567
[INFO] Full-alignment variants processed in chrUn_KI270744v1: 156
[INFO] Pileup variants processed in chr2_KI270715v1_random: 0
[INFO] Full-alignment variants processed in chr2_KI270715v1_random: 0
[INFO] Pileup variants processed in chrUn_KI270756v1: 205
[INFO] Full-alignment variants processed in chrUn_KI270756v1: 30
[INFO] Pileup variants processed in chrUn_GL000195v1: 335
[INFO] Full-alignment variants processed in chrUn_GL000195v1: 129
[INFO] Pileup variants processed in chr1_KI270714v1_random: 0
[INFO] Full-alignment variants processed in chr1_KI270714v1_random: 0
[INFO] Pileup variants processed in chrUn_GL000216v2: 1236
[INFO] Full-alignment variants processed in chrUn_GL000216v2: 390
[INFO] Pileup variants processed in chrUn_KI270747v1: 205
[INFO] Full-alignment variants processed in chrUn_KI270747v1: 59
[INFO] Pileup variants processed in chrUn_KI270753v1: 0
[INFO] Full-alignment variants processed in chrUn_KI270753v1: 0
[INFO] Pileup variants processed in chrUn_KI270438v1: 416
[INFO] Full-alignment variants processed in chrUn_KI270438v1: 117
[INFO] Pileup variants processed in chr4_GL000008v2_random: 588
[INFO] Full-alignment variants processed in chr4_GL000008v2_random: 226
[INFO] Pileup variants processed in chr22_KI270736v1_random: 0
[INFO] Full-alignment variants processed in chr22_KI270736v1_random: 0
[INFO] Pileup variants processed in chr22_KI270734v1_random: 0
[INFO] Full-alignment variants processed in chr22_KI270734v1_random: 0
[INFO] Pileup variants processed in chrUn_KI270517v1: 0
[INFO] Full-alignment variants processed in chrUn_KI270517v1: 0
[INFO] Pileup variants processed in chrUn_KI270589v1: 0
[INFO] Full-alignment variants processed in chrUn_KI270589v1: 0
[INFO] Pileup variants processed in chrUn_KI270587v1: 0
[INFO] Full-alignment variants processed in chrUn_KI270587v1: 0
[INFO] Pileup variants processed in chrUn_KI270741v1: 0
[INFO] Full-alignment variants processed in chrUn_KI270741v1: 0
[INFO] Pileup variants processed in chrUn_GL000213v1: 1
[INFO] Full-alignment variants processed in chrUn_GL000213v1: 4
[INFO] Pileup variants processed in chr17_KI270729v1_random: 266
[INFO] Full-alignment variants processed in chr17_KI270729v1_random: 158
[INFO] Pileup variants processed in chrUn_KI270590v1: 46
[INFO] Full-alignment variants processed in chrUn_KI270590v1: 13
[INFO] Pileup variants processed in chr1_KI270711v1_random: 34
[INFO] Full-alignment variants processed in chr1_KI270711v1_random: 18
[INFO] Pileup variants processed in chrUn_KI270467v1: 144
[INFO] Full-alignment variants processed in chrUn_KI270467v1: 29
[INFO] Pileup variants processed in chrUn_GL000226v1: 276
[INFO] Full-alignment variants processed in chrUn_GL000226v1: 32
[INFO] Pileup variants processed in chrUn_KI270507v1: 0
[INFO] Full-alignment variants processed in chrUn_KI270507v1: 0
[INFO] Pileup variants processed in chrUn_KI270749v1: 43
[INFO] Full-alignment variants processed in chrUn_KI270749v1: 20
[INFO] Pileup variants processed in chrUn_GL000224v1: 236
[INFO] Full-alignment variants processed in chrUn_GL000224v1: 62
[INFO] Pileup variants processed in chrUn_KI270442v1: 2477
[INFO] Full-alignment variants processed in chrUn_KI270442v1: 1036
[INFO] Pileup variants processed in chrUn_KI270742v1: 225
[INFO] Full-alignment variants processed in chrUn_KI270742v1: 41
[INFO] Pileup variants processed in chrUn_KI270466v1: 0
[INFO] Full-alignment variants processed in chrUn_KI270466v1: 0
[INFO] Pileup variants processed in chrUn_GL000214v1: 356
[INFO] Full-alignment variants processed in chrUn_GL000214v1: 35
[INFO] Pileup variants processed in chrUn_KI270743v1: 0
[INFO] Full-alignment variants processed in chrUn_KI270743v1: 1
[INFO] Pileup variants processed in chrUn_KI270757v1: 650
[INFO] Full-alignment variants processed in chrUn_KI270757v1: 236
[INFO] Pileup variants processed in chr14_KI270724v1_random: 247
[INFO] Full-alignment variants processed in chr14_KI270724v1_random: 107
[INFO] Pileup variants processed in chr16_KI270728v1_random: 0
[INFO] Full-alignment variants processed in chr16_KI270728v1_random: 0
[INFO] Pileup variants processed in chr14_GL000194v1_random: 406
[INFO] Full-alignment variants processed in chr14_GL000194v1_random: 87
[INFO] Pileup variants processed in chr1_KI270713v1_random: 49
[INFO] Full-alignment variants processed in chr1_KI270713v1_random: 18
[INFO] Pileup variants processed in chr22_KI270732v1_random: 15
[INFO] Full-alignment variants processed in chr22_KI270732v1_random: 11
[INFO] Pileup variants processed in chrUn_KI270411v1: 0
[INFO] Full-alignment variants processed in chrUn_KI270411v1: 0
[INFO] Pileup variants processed in chrUn_KI270538v1: 135
[INFO] Full-alignment variants processed in chrUn_KI270538v1: 75
[INFO] Pileup variants processed in chrUn_KI270311v1: 0
[INFO] Full-alignment variants processed in chrUn_KI270311v1: 0
[INFO] Pileup variants processed in chrY_KI270740v1_random: 0
[INFO] Full-alignment variants processed in chrY_KI270740v1_random: 0
[INFO] Pileup variants processed in chr1_KI270708v1_random: 0
[INFO] Full-alignment variants processed in chr1_KI270708v1_random: 0
[INFO] Pileup variants processed in chrM: 15
[INFO] Full-alignment variants processed in chrM: 0
[INFO] Pileup variants processed in chrUn_KI270579v1: 0
[INFO] Full-alignment variants processed in chrUn_KI270579v1: 0
[INFO] Pileup variants processed in chr14_KI270725v1_random: 73
[INFO] Full-alignment variants processed in chr14_KI270725v1_random: 38
[INFO] Pileup variants processed in chr22_KI270738v1_random: 0
[INFO] Full-alignment variants processed in chr22_KI270738v1_random: 0
[INFO] Pileup variants processed in chr1_KI270712v1_random: 6
[INFO] Full-alignment variants processed in chr1_KI270712v1_random: 2
[INFO] Pileup variants processed in chr1_KI270706v1_random: 0
[INFO] Full-alignment variants processed in chr1_KI270706v1_random: 0
[INFO] Pileup variants processed in chrUn_KI270745v1: 0
[INFO] Full-alignment variants processed in chrUn_KI270745v1: 0
[INFO] Pileup variants processed in chrUn_KI270515v1: 119
[INFO] Full-alignment variants processed in chrUn_KI270515v1: 33
[INFO] Pileup variants processed in chrUn_KI270435v1: 20
[INFO] Full-alignment variants processed in chrUn_KI270435v1: 9
[INFO] Pileup variants processed in chr9_KI270717v1_random: 0
[INFO] Full-alignment variants processed in chr9_KI270717v1_random: 0
[INFO] Pileup variants processed in chr22_KI270735v1_random: 58
[INFO] Full-alignment variants processed in chr22_KI270735v1_random: 24
[INFO] Pileup variants processed in chrUn_GL000219v1: 0
[INFO] Full-alignment variants processed in chrUn_GL000219v1: 0
[INFO] Pileup variants processed in chr14_KI270723v1_random: 1
[INFO] Full-alignment variants processed in chr14_KI270723v1_random: 0
[INFO] Pileup variants processed in chrUn_KI270746v1: 57
[INFO] Full-alignment variants processed in chrUn_KI270746v1: 39
[INFO] Pileup variants processed in chr22_KI270733v1_random: 444
[INFO] Full-alignment variants processed in chr22_KI270733v1_random: 60
[INFO] Pileup variants processed in chrUn_KI270751v1: 163
[INFO] Full-alignment variants processed in chrUn_KI270751v1: 64
[INFO] Pileup variants processed in chrUn_KI270750v1: 38
[INFO] Full-alignment variants processed in chrUn_KI270750v1: 12
[INFO] Pileup variants processed in chrUn_KI270519v1: 494
[INFO] Full-alignment variants processed in chrUn_KI270519v1: 162
[INFO] Pileup variants processed in chr1_KI270709v1_random: 824
[INFO] Full-alignment variants processed in chr1_KI270709v1_random: 412
[INFO] Pileup variants processed in chrUn_KI270336v1: 0
[INFO] Full-alignment variants processed in chrUn_KI270336v1: 0
[INFO] Pileup variants processed in chrUn_KI270755v1: 0
[INFO] Full-alignment variants processed in chrUn_KI270755v1: 0
[INFO] Pileup variants processed in chrUn_KI270468v1: 0
[INFO] Full-alignment variants processed in chrUn_KI270468v1: 0
[INFO] Pileup variants processed in chr22_KI270731v1_random: 0
[INFO] Full-alignment variants processed in chr22_KI270731v1_random: 0
[INFO] Pileup variants processed in chrUn_KI270516v1: 0
[INFO] Full-alignment variants processed in chrUn_KI270516v1: 0
[INFO] Pileup variants processed in chrUn_GL000220v1: 157
[INFO] Full-alignment variants processed in chrUn_GL000220v1: 19
[INFO] Pileup variants processed in chrUn_KI270337v1: 0
[INFO] Full-alignment variants processed in chrUn_KI270337v1: 0
[INFO] Pileup variants processed in chr3_GL000221v1_random: 41
[INFO] Full-alignment variants processed in chr3_GL000221v1_random: 1
[INFO] Pileup variants processed in chr9_KI270718v1_random: 0
[INFO] Full-alignment variants processed in chr9_KI270718v1_random: 0
[INFO] Pileup variants processed in chrUn_KI270588v1: 0
[INFO] Full-alignment variants processed in chrUn_KI270588v1: 0
[INFO] Pileup variants processed in chr5_GL000208v1_random: 0
[INFO] Full-alignment variants processed in chr5_GL000208v1_random: 0
[INFO] Pileup variants processed in chrEBV: 11
[INFO] Full-alignment variants processed in chrEBV: 7
[INFO] Pileup variants processed in chrUn_KI270748v1: 0
[INFO] Full-alignment variants processed in chrUn_KI270748v1: 0
[INFO] Pileup variants processed in chr9_KI270720v1_random: 0
[INFO] Full-alignment variants processed in chr9_KI270720v1_random: 0
[INFO] Pileup variants processed in chr17_KI270730v1_random: 114
[INFO] Full-alignment variants processed in chr17_KI270730v1_random: 6
[INFO] Pileup variants processed in chrUn_KI270333v1: 0
[INFO] Full-alignment variants processed in chrUn_KI270333v1: 0
[INFO] Pileup variants processed in chr14_KI270722v1_random: 0
[INFO] Full-alignment variants processed in chr14_KI270722v1_random: 0
[INFO] Pileup variants processed in chr15_KI270727v1_random: 0
[INFO] Full-alignment variants processed in chr15_KI270727v1_random: 0
[INFO] Pileup variants processed in chr14_GL000009v2_random: 252
[INFO] Full-alignment variants processed in chr14_GL000009v2_random: 60
